#
# There is insufficient memory for the Java Runtime Environment to continue.
# Native memory allocation (malloc) failed to allocate 320496 bytes for Chunk::new
# Possible reasons:
#   The system is out of physical RAM or swap space
#   The process is running with CompressedOops enabled, and the Java Heap may be blocking the growth of the native heap
# Possible solutions:
#   Reduce memory load on the system
#   Increase physical memory or swap space
#   Check if swap backing store is full
#   Decrease Java heap size (-Xmx/-Xms)
#   Decrease number of Java threads
#   Decrease Java thread stack sizes (-Xss)
#   Set larger code cache with -XX:ReservedCodeCacheSize=
#   JVM is running with Unscaled Compressed Oops mode in which the Java heap is
#     placed in the first 4GB address space. The Java Heap base address is the
#     maximum limit for the native heap growth. Please use -XX:HeapBaseMinAddress
#     to set the Java Heap base and to place the Java Heap above 4GB virtual address.
# This output file may be truncated or incomplete.
#
#  Out of Memory Error (allocation.cpp:389), pid=14672, tid=0x0000000000004080
#
# JRE version: OpenJDK Runtime Environment (8.0_292-b10) (build 1.8.0_292-b10)
# Java VM: OpenJDK 64-Bit Server VM (25.292-b10 mixed mode windows-amd64 compressed oops)
# Failed to write core dump. Minidumps are not enabled by default on client versions of Windows
#

---------------  T H R E A D  ---------------

Current thread (0x0000026161d0c000):  JavaThread "C2 CompilerThread2" daemon [_thread_in_native, id=16512, stack(0x000000fdec700000,0x000000fdec800000)]

Stack: [0x000000fdec700000,0x000000fdec800000]
[error occurred during error reporting (printing stack bounds), id 0xc0000005]

Native frames: (J=compiled Java code, j=interpreted, Vv=VM code, C=native code)


Current CompileTask:
C2:12315523 3351       4       javax.management.ObjectName::construct (1228 bytes)


---------------  P R O C E S S  ---------------

Java Threads: ( => current thread )
  0x000002616d1f8000 JavaThread "Exec process Thread 4" [_thread_in_native, id=144, stack(0x000000fdee900000,0x000000fdeea00000)]
  0x000002616d1fa000 JavaThread "Exec process Thread 3" [_thread_in_native, id=340, stack(0x000000fdee800000,0x000000fdee900000)]
  0x000002616d1f9800 JavaThread "Exec process Thread 2" [_thread_blocked, id=3400, stack(0x000000fdee700000,0x000000fdee800000)]
  0x000002616d1f0000 JavaThread "DisconnectableInputStream source reader" daemon [_thread_blocked, id=7200, stack(0x000000fdee600000,0x000000fdee700000)]
  0x000002616d1f7000 JavaThread "Exec process" [_thread_in_native, id=15244, stack(0x000000fdee500000,0x000000fdee600000)]
  0x000002616d1f6800 JavaThread "Build operations Thread 3" [_thread_blocked, id=10528, stack(0x000000fdee400000,0x000000fdee500000)]
  0x000002616d1ed000 JavaThread "Build operations Thread 2" [_thread_blocked, id=16680, stack(0x000000fdee300000,0x000000fdee400000)]
  0x000002616d1f4000 JavaThread "Build operations" [_thread_blocked, id=16872, stack(0x000000fdee200000,0x000000fdee300000)]
  0x000002616d1f1800 JavaThread "Task worker for ':'" [_thread_blocked, id=7892, stack(0x000000fdedb00000,0x000000fdedc00000)]
  0x0000026164e2e800 JavaThread "Cache worker for Build Output Cleanup Cache (D:\Inna\JAVA\Testove\QuickBase\interview-demos\backend\.gradle\buildOutputCleanup)" [_thread_blocked, id=4004, stack(0x000000fdeda00000,0x000000fdedb00000)]
  0x0000026164e2d000 JavaThread "Cache worker for task history cache (D:\Inna\JAVA\Testove\QuickBase\interview-demos\backend\.gradle\4.8.1\taskHistory)" [_thread_blocked, id=11804, stack(0x000000fded900000,0x000000fdeda00000)]
  0x0000026164e2a800 JavaThread "Cache worker for file content cache (D:\Inna\JAVA\Testove\QuickBase\interview-demos\backend\.gradle\4.8.1\fileContent)" [_thread_blocked, id=14696, stack(0x000000fded800000,0x000000fded900000)]
  0x0000026164e29800 JavaThread "Memory manager" [_thread_in_Java, id=3956, stack(0x000000fded700000,0x000000fded800000)]
  0x0000026164e2c000 JavaThread "Cache worker for Artifact transforms cache (C:\Users\Inna\.gradle\caches\transforms-1)" [_thread_blocked, id=1808, stack(0x000000fded600000,0x000000fded700000)]
  0x0000026164e27800 JavaThread "Cache worker for file hash cache (D:\Inna\JAVA\Testove\QuickBase\interview-demos\backend\.gradle\4.8.1\fileHashes)" [_thread_blocked, id=15380, stack(0x000000fded500000,0x000000fded600000)]
  0x0000026164cc6000 JavaThread "File lock request listener" [_thread_in_native, id=9120, stack(0x000000fded400000,0x000000fded500000)]
  0x0000026164cbf000 JavaThread "Cache worker for file hash cache (C:\Users\Inna\.gradle\caches\4.8.1\fileHashes)" [_thread_blocked, id=4756, stack(0x000000fded300000,0x000000fded400000)]
  0x0000026164b11800 JavaThread "Stdin handler" [_thread_blocked, id=12676, stack(0x000000fded200000,0x000000fded300000)]
  0x0000026164885000 JavaThread "Asynchronous log dispatcher for DefaultDaemonConnection: socket connection from /127.0.0.1:61796 to /127.0.0.1:61797" [_thread_blocked, id=5208, stack(0x000000fded100000,0x000000fded200000)]
  0x0000026164883800 JavaThread "Daemon worker" [_thread_blocked, id=16120, stack(0x000000fded000000,0x000000fded100000)]
  0x0000026164881000 JavaThread "Cancel handler" [_thread_blocked, id=15392, stack(0x000000fdecf00000,0x000000fded000000)]
  0x000002616343e800 JavaThread "Handler for socket connection from /127.0.0.1:61796 to /127.0.0.1:61797" [_thread_in_native, id=15228, stack(0x000000fdece00000,0x000000fdecf00000)]
  0x000002616343d000 JavaThread "Daemon" [_thread_blocked, id=1060, stack(0x000000fdecd00000,0x000000fdece00000)]
  0x0000026163632000 JavaThread "Daemon periodic checks" [_thread_blocked, id=1216, stack(0x000000fdecc00000,0x000000fdecd00000)]
  0x0000026164639000 JavaThread "Incoming local TCP Connector on port 61796" [_thread_in_native, id=5960, stack(0x000000fdecb00000,0x000000fdecc00000)]
  0x0000026161d4e800 JavaThread "Service Thread" daemon [_thread_blocked, id=2528, stack(0x000000fdec900000,0x000000fdeca00000)]
  0x0000026161d0d000 JavaThread "C1 CompilerThread3" daemon [_thread_blocked, id=7016, stack(0x000000fdec800000,0x000000fdec900000)]
=>0x0000026161d0c000 JavaThread "C2 CompilerThread2" daemon [_thread_in_native, id=16512, stack(0x000000fdec700000,0x000000fdec800000)]
  0x0000026161d0b000 JavaThread "C2 CompilerThread1" daemon [_thread_blocked, id=16508, stack(0x000000fdec600000,0x000000fdec700000)]
  0x0000026161d01800 JavaThread "C2 CompilerThread0" daemon [_thread_blocked, id=4976, stack(0x000000fdec500000,0x000000fdec600000)]
  0x0000026161cf0800 JavaThread "JDWP Command Reader" daemon [_thread_in_native, id=16504, stack(0x000000fdec400000,0x000000fdec500000)]
  0x0000026161ce9800 JavaThread "JDWP Event Helper Thread" daemon [_thread_blocked, id=6344, stack(0x000000fdec300000,0x000000fdec400000)]
  0x0000026161cce000 JavaThread "JDWP Transport Listener: dt_socket" daemon [_thread_blocked, id=8084, stack(0x000000fdec200000,0x000000fdec300000)]
  0x0000026161cc8800 JavaThread "Attach Listener" daemon [_thread_blocked, id=2332, stack(0x000000fdec100000,0x000000fdec200000)]
  0x0000026161cc3800 JavaThread "Signal Dispatcher" daemon [_thread_blocked, id=10332, stack(0x000000fdec000000,0x000000fdec100000)]
  0x00000261610ab000 JavaThread "Finalizer" daemon [_thread_blocked, id=1888, stack(0x000000fdebf00000,0x000000fdec000000)]
  0x0000026161c99800 JavaThread "Reference Handler" daemon [_thread_blocked, id=2408, stack(0x000000fdebe00000,0x000000fdebf00000)]
  0x000002614d524800 JavaThread "main" [_thread_blocked, id=11040, stack(0x000000fdeb400000,0x000000fdeb500000)]

Other Threads:
  0x0000026161c72800 VMThread [stack: 0x000000fdebd00000,0x000000fdebe00000] [id=13332]
  0x0000026161d0d800 WatcherThread [stack: 0x000000fdeca00000,0x000000fdecb00000] [id=2464]

VM state:not at safepoint (normal execution)

VM Mutex/Monitor currently owned by a thread: None

heap address: 0x00000000c0000000, size: 1024 MB, Compressed Oops mode: 32-bit
Narrow klass base: 0x0000000000000000, Narrow klass shift: 3
Compressed class space size: 1073741824 Address: 0x0000000100000000

Heap:
 PSYoungGen      total 131072K, used 64769K [0x00000000eab00000, 0x00000000f5580000, 0x0000000100000000)
  eden space 126976K, 51% used [0x00000000eab00000,0x00000000eea40530,0x00000000f2700000)
  from space 4096K, 0% used [0x00000000f3400000,0x00000000f3400000,0x00000000f3800000)
  to   space 13312K, 0% used [0x00000000f2700000,0x00000000f2700000,0x00000000f3400000)
 ParOldGen       total 117760K, used 18140K [0x00000000c0000000, 0x00000000c7300000, 0x00000000eab00000)
  object space 117760K, 15% used [0x00000000c0000000,0x00000000c11b71b8,0x00000000c7300000)
 Metaspace       used 35848K, capacity 36488K, committed 36648K, reserved 1081344K
  class space    used 5196K, capacity 5407K, committed 5424K, reserved 1048576K

Card table byte_map: [0x000002615e220000,0x000002615e430000] byte_map_base: 0x000002615dc20000

Marking Bits: (ParMarkBitMap*) 0x0000000067e1f7f0
 Begin Bits: [0x000002615e590000, 0x000002615f590000)
 End Bits:   [0x000002615f590000, 0x0000026160590000)

Polling page: 0x000002614ee10000

CodeCache: size=245760Kb used=11567Kb max_used=12227Kb free=234192Kb
 bounds [0x000002614ee60000, 0x000002614fa60000, 0x000002615de60000]
 total_blobs=3660 nmethods=2967 adapters=612
 compilation: enabled

Compilation events (10 events):
Event: 12315.473 Thread 0x0000026161d0d000 nmethod 3371 0x000002614f370490 code [0x000002614f370600, 0x000002614f370870]
Event: 12315.473 Thread 0x0000026161d0d000 3372       3       org.gradle.process.internal.health.memory.DefaultMemoryManager::access$802 (7 bytes)
Event: 12315.473 Thread 0x0000026161d0d000 nmethod 3372 0x000002614f86abd0 code [0x000002614f86ad20, 0x000002614f86ae78]
Event: 12315.473 Thread 0x0000026161d0d000 3373   !   3       org.gradle.process.internal.health.memory.DefaultMemoryManager::requestFreeMemory (105 bytes)
Event: 12315.474 Thread 0x0000026161d0d000 nmethod 3373 0x000002614f869490 code [0x000002614f8696a0, 0x000002614f86a2f0]
Event: 12315.474 Thread 0x0000026161d0d000 3375       3       org.gradle.process.internal.health.memory.DefaultMemoryManager::getMemoryThresholdInBytes (15 bytes)
Event: 12315.474 Thread 0x0000026161d0d000 nmethod 3375 0x000002614f869010 code [0x000002614f869180, 0x000002614f8693b8]
Event: 12315.474 Thread 0x0000026161d0d000 3376       3       org.gradle.process.internal.health.memory.OsMemoryStatusSnapshot::getFreePhysicalMemory (5 bytes)
Event: 12315.475 Thread 0x0000026161d0d000 nmethod 3376 0x000002614f868cd0 code [0x000002614f868e20, 0x000002614f868f78]
Event: 12315.475 Thread 0x0000026161d0b000 nmethod 3379 0x000002614f865250 code [0x000002614f8653e0, 0x000002614f865868]

GC Heap History (10 events):
Event: 2.205 GC heap before
{Heap before GC invocations=6 (full 1):
 PSYoungGen      total 71680K, used 5114K [0x00000000eab00000, 0x00000000f4200000, 0x0000000100000000)
  eden space 66560K, 0% used [0x00000000eab00000,0x00000000eab00000,0x00000000eec00000)
  from space 5120K, 99% used [0x00000000eec00000,0x00000000ef0fe890,0x00000000ef100000)
  to   space 10752K, 0% used [0x00000000f3780000,0x00000000f3780000,0x00000000f4200000)
 ParOldGen       total 87552K, used 8652K [0x00000000c0000000, 0x00000000c5580000, 0x00000000eab00000)
  object space 87552K, 9% used [0x00000000c0000000,0x00000000c0873278,0x00000000c5580000)
 Metaspace       used 20929K, capacity 21236K, committed 21296K, reserved 1067008K
  class space    used 2977K, capacity 3101K, committed 3120K, reserved 1048576K
Event: 2.289 GC heap after
Heap after GC invocations=6 (full 1):
 PSYoungGen      total 71680K, used 0K [0x00000000eab00000, 0x00000000f4200000, 0x0000000100000000)
  eden space 66560K, 0% used [0x00000000eab00000,0x00000000eab00000,0x00000000eec00000)
  from space 5120K, 0% used [0x00000000eec00000,0x00000000eec00000,0x00000000ef100000)
  to   space 10752K, 0% used [0x00000000f3780000,0x00000000f3780000,0x00000000f4200000)
 ParOldGen       total 69120K, used 8781K [0x00000000c0000000, 0x00000000c4380000, 0x00000000eab00000)
  object space 69120K, 12% used [0x00000000c0000000,0x00000000c0893678,0x00000000c4380000)
 Metaspace       used 20929K, capacity 21236K, committed 21296K, reserved 1067008K
  class space    used 2977K, capacity 3101K, committed 3120K, reserved 1048576K
}
Event: 3.081 GC heap before
{Heap before GC invocations=7 (full 1):
 PSYoungGen      total 71680K, used 66560K [0x00000000eab00000, 0x00000000f4200000, 0x0000000100000000)
  eden space 66560K, 100% used [0x00000000eab00000,0x00000000eec00000,0x00000000eec00000)
  from space 5120K, 0% used [0x00000000eec00000,0x00000000eec00000,0x00000000ef100000)
  to   space 10752K, 0% used [0x00000000f3780000,0x00000000f3780000,0x00000000f4200000)
 ParOldGen       total 69120K, used 8781K [0x00000000c0000000, 0x00000000c4380000, 0x00000000eab00000)
  object space 69120K, 12% used [0x00000000c0000000,0x00000000c0893678,0x00000000c4380000)
 Metaspace       used 25991K, capacity 26334K, committed 26672K, reserved 1073152K
  class space    used 3693K, capacity 3816K, committed 3888K, reserved 1048576K
Event: 3.093 GC heap after
Heap after GC invocations=7 (full 1):
 PSYoungGen      total 94720K, used 6177K [0x00000000eab00000, 0x00000000f3e00000, 0x0000000100000000)
  eden space 88064K, 0% used [0x00000000eab00000,0x00000000eab00000,0x00000000f0100000)
  from space 6656K, 92% used [0x00000000f3780000,0x00000000f3d88760,0x00000000f3e00000)
  to   space 10240K, 0% used [0x00000000f2a00000,0x00000000f2a00000,0x00000000f3400000)
 ParOldGen       total 69120K, used 8789K [0x00000000c0000000, 0x00000000c4380000, 0x00000000eab00000)
  object space 69120K, 12% used [0x00000000c0000000,0x00000000c0895678,0x00000000c4380000)
 Metaspace       used 25991K, capacity 26334K, committed 26672K, reserved 1073152K
  class space    used 3693K, capacity 3816K, committed 3888K, reserved 1048576K
}
Event: 4.212 GC heap before
{Heap before GC invocations=8 (full 1):
 PSYoungGen      total 94720K, used 94241K [0x00000000eab00000, 0x00000000f3e00000, 0x0000000100000000)
  eden space 88064K, 100% used [0x00000000eab00000,0x00000000f0100000,0x00000000f0100000)
  from space 6656K, 92% used [0x00000000f3780000,0x00000000f3d88760,0x00000000f3e00000)
  to   space 10240K, 0% used [0x00000000f2a00000,0x00000000f2a00000,0x00000000f3400000)
 ParOldGen       total 69120K, used 8789K [0x00000000c0000000, 0x00000000c4380000, 0x00000000eab00000)
  object space 69120K, 12% used [0x00000000c0000000,0x00000000c0895678,0x00000000c4380000)
 Metaspace       used 31365K, capacity 31792K, committed 31920K, reserved 1077248K
  class space    used 4541K, capacity 4687K, committed 4784K, reserved 1048576K
Event: 4.223 GC heap after
Heap after GC invocations=8 (full 1):
 PSYoungGen      total 124416K, used 10212K [0x00000000eab00000, 0x00000000f3800000, 0x0000000100000000)
  eden space 114176K, 0% used [0x00000000eab00000,0x00000000eab00000,0x00000000f1a80000)
  from space 10240K, 99% used [0x00000000f2a00000,0x00000000f33f9060,0x00000000f3400000)
  to   space 4096K, 0% used [0x00000000f3400000,0x00000000f3400000,0x00000000f3800000)
 ParOldGen       total 69120K, used 9364K [0x00000000c0000000, 0x00000000c4380000, 0x00000000eab00000)
  object space 69120K, 13% used [0x00000000c0000000,0x00000000c0925170,0x00000000c4380000)
 Metaspace       used 31365K, capacity 31792K, committed 31920K, reserved 1077248K
  class space    used 4541K, capacity 4687K, committed 4784K, reserved 1048576K
}
Event: 4.774 GC heap before
{Heap before GC invocations=9 (full 1):
 PSYoungGen      total 124416K, used 55280K [0x00000000eab00000, 0x00000000f3800000, 0x0000000100000000)
  eden space 114176K, 39% used [0x00000000eab00000,0x00000000ed7032a8,0x00000000f1a80000)
  from space 10240K, 99% used [0x00000000f2a00000,0x00000000f33f9060,0x00000000f3400000)
  to   space 4096K, 0% used [0x00000000f3400000,0x00000000f3400000,0x00000000f3800000)
 ParOldGen       total 69120K, used 9364K [0x00000000c0000000, 0x00000000c4380000, 0x00000000eab00000)
  object space 69120K, 13% used [0x00000000c0000000,0x00000000c0925170,0x00000000c4380000)
 Metaspace       used 34767K, capacity 35382K, committed 35496K, reserved 1079296K
  class space    used 5053K, capacity 5263K, committed 5296K, reserved 1048576K
Event: 4.783 GC heap after
Heap after GC invocations=9 (full 1):
 PSYoungGen      total 131072K, used 4096K [0x00000000eab00000, 0x00000000f5580000, 0x0000000100000000)
  eden space 126976K, 0% used [0x00000000eab00000,0x00000000eab00000,0x00000000f2700000)
  from space 4096K, 100% used [0x00000000f3400000,0x00000000f3800000,0x00000000f3800000)
  to   space 13312K, 0% used [0x00000000f2700000,0x00000000f2700000,0x00000000f3400000)
 ParOldGen       total 69120K, used 16947K [0x00000000c0000000, 0x00000000c4380000, 0x00000000eab00000)
  object space 69120K, 24% used [0x00000000c0000000,0x00000000c108ccb0,0x00000000c4380000)
 Metaspace       used 34767K, capacity 35382K, committed 35496K, reserved 1079296K
  class space    used 5053K, capacity 5263K, committed 5296K, reserved 1048576K
}
Event: 4.783 GC heap before
{Heap before GC invocations=10 (full 2):
 PSYoungGen      total 131072K, used 4096K [0x00000000eab00000, 0x00000000f5580000, 0x0000000100000000)
  eden space 126976K, 0% used [0x00000000eab00000,0x00000000eab00000,0x00000000f2700000)
  from space 4096K, 100% used [0x00000000f3400000,0x00000000f3800000,0x00000000f3800000)
  to   space 13312K, 0% used [0x00000000f2700000,0x00000000f2700000,0x00000000f3400000)
 ParOldGen       total 69120K, used 16947K [0x00000000c0000000, 0x00000000c4380000, 0x00000000eab00000)
  object space 69120K, 24% used [0x00000000c0000000,0x00000000c108ccb0,0x00000000c4380000)
 Metaspace       used 34767K, capacity 35382K, committed 35496K, reserved 1079296K
  class space    used 5053K, capacity 5263K, committed 5296K, reserved 1048576K
Event: 4.852 GC heap after
Heap after GC invocations=10 (full 2):
 PSYoungGen      total 131072K, used 0K [0x00000000eab00000, 0x00000000f5580000, 0x0000000100000000)
  eden space 126976K, 0% used [0x00000000eab00000,0x00000000eab00000,0x00000000f2700000)
  from space 4096K, 0% used [0x00000000f3400000,0x00000000f3400000,0x00000000f3800000)
  to   space 13312K, 0% used [0x00000000f2700000,0x00000000f2700000,0x00000000f3400000)
 ParOldGen       total 117760K, used 18140K [0x00000000c0000000, 0x00000000c7300000, 0x00000000eab00000)
  object space 117760K, 15% used [0x00000000c0000000,0x00000000c11b71b8,0x00000000c7300000)
 Metaspace       used 34767K, capacity 35382K, committed 35496K, reserved 1079296K
  class space    used 5053K, capacity 5263K, committed 5296K, reserved 1048576K
}

Deoptimization events (10 events):
Event: 4.478 Thread 0x0000026164883800 Uncommon trap: reason=unstable_if action=reinterpret pc=0x000002614f3ae3a4 method=sun.misc.MetaIndex.mayContain(Ljava/lang/String;)Z @ 38
Event: 4.680 Thread 0x000002616d1f1800 Uncommon trap: reason=unstable_if action=reinterpret pc=0x000002614f21a394 method=java.lang.String.regionMatches(ZILjava/lang/String;II)Z @ 123
Event: 4.709 Thread 0x000002616d1f1800 Uncommon trap: reason=unstable_if action=reinterpret pc=0x000002614f0af430 method=java.net.URI.match(CJJ)Z @ 45
Event: 4.709 Thread 0x000002616d1f1800 Uncommon trap: reason=unstable_if action=reinterpret pc=0x000002614efca1d8 method=java.net.URI.match(CJJ)Z @ 19
Event: 4.886 Thread 0x000002616d1f4000 Uncommon trap: reason=unstable_if action=reinterpret pc=0x000002614f36afd8 method=java.util.concurrent.ConcurrentHashMap.addCount(JI)V @ 34
Event: 4.896 Thread 0x000002616d1f4000 Uncommon trap: reason=unstable_if action=reinterpret pc=0x000002614f2db588 method=java.util.concurrent.ConcurrentHashMap.addCount(JI)V @ 7
Event: 4.961 Thread 0x000002616d1f1800 Uncommon trap: reason=bimorphic action=maybe_recompile pc=0x000002614f580354 method=java.lang.ClassLoader.getPackage(Ljava/lang/String;)Ljava/lang/Package; @ 47
Event: 4.961 Thread 0x000002616d1f1800 Uncommon trap: reason=bimorphic action=maybe_recompile pc=0x000002614f580354 method=java.lang.ClassLoader.getPackage(Ljava/lang/String;)Ljava/lang/Package; @ 47
Event: 4.961 Thread 0x000002616d1f1800 Uncommon trap: reason=bimorphic action=maybe_recompile pc=0x000002614f580354 method=java.lang.ClassLoader.getPackage(Ljava/lang/String;)Ljava/lang/Package; @ 47
Event: 4.961 Thread 0x000002616d1f1800 Uncommon trap: reason=bimorphic action=maybe_recompile pc=0x000002614f580354 method=java.lang.ClassLoader.getPackage(Ljava/lang/String;)Ljava/lang/Package; @ 47

Classes redefined (0 events):
No events

Internal exceptions (10 events):
Event: 4.947 Thread 0x000002616d1f1800 Exception <a 'java/lang/ClassNotFoundException': org/gradle/api/internal/file/CompositeFileCollectionCustomizer> (0x00000000eb9de290) thrown at [C:\wsjdk\Corretto8Src\installers\windows\zip\corretto-build\buildRoot\src\hotspot\src\share\vm\classfile\syste
Event: 4.947 Thread 0x000002616d1f1800 Exception <a 'java/lang/ClassNotFoundException': org/gradle/api/internal/file/UnionFileCollectionCustomizer> (0x00000000eba02f80) thrown at [C:\wsjdk\Corretto8Src\installers\windows\zip\corretto-build\buildRoot\src\hotspot\src\share\vm\classfile\systemDic
Event: 4.955 Thread 0x000002616d1f1800 Exception <a 'java/lang/ClassNotFoundException': java/io/FileBeanInfo> (0x00000000eba51c28) thrown at [C:\wsjdk\Corretto8Src\installers\windows\zip\corretto-build\buildRoot\src\hotspot\src\share\vm\classfile\systemDictionary.cpp, line 217]
Event: 4.956 Thread 0x000002616d1f1800 Exception <a 'java/lang/ClassNotFoundException': java/io/FileCustomizer> (0x00000000eba57de0) thrown at [C:\wsjdk\Corretto8Src\installers\windows\zip\corretto-build\buildRoot\src\hotspot\src\share\vm\classfile\systemDictionary.cpp, line 217]
Event: 4.964 Thread 0x000002616d1f1800 Exception <a 'java/lang/ClassNotFoundException': com/intellij/openapi/externalSystem/rt/execution/ForkedDebuggerHelperBeanInfo> (0x00000000ebae0a28) thrown at [C:\wsjdk\Corretto8Src\installers\windows\zip\corretto-build\buildRoot\src\hotspot\src\share\vm\
Event: 4.964 Thread 0x000002616d1f1800 Exception <a 'java/lang/ClassNotFoundException': com/intellij/openapi/externalSystem/rt/execution/ForkedDebuggerHelperCustomizer> (0x00000000ebae6fb8) thrown at [C:\wsjdk\Corretto8Src\installers\windows\zip\corretto-build\buildRoot\src\hotspot\src\share\v
Event: 5.010 Thread 0x000002616d1f1800 Exception <a 'java/lang/ClassNotFoundException': java/util/ArrayListBeanInfo> (0x00000000ebb45658) thrown at [C:\wsjdk\Corretto8Src\installers\windows\zip\corretto-build\buildRoot\src\hotspot\src\share\vm\classfile\systemDictionary.cpp, line 217]
Event: 5.011 Thread 0x000002616d1f1800 Exception <a 'java/lang/ClassNotFoundException': java/util/AbstractListBeanInfo> (0x00000000ebb49ae0) thrown at [C:\wsjdk\Corretto8Src\installers\windows\zip\corretto-build\buildRoot\src\hotspot\src\share\vm\classfile\systemDictionary.cpp, line 217]
Event: 5.011 Thread 0x000002616d1f1800 Exception <a 'java/lang/ClassNotFoundException': java/util/AbstractListCustomizer> (0x00000000ebb4dfa8) thrown at [C:\wsjdk\Corretto8Src\installers\windows\zip\corretto-build\buildRoot\src\hotspot\src\share\vm\classfile\systemDictionary.cpp, line 217]
Event: 5.012 Thread 0x000002616d1f1800 Exception <a 'java/lang/ClassNotFoundException': java/util/ArrayListCustomizer> (0x00000000ebb60b88) thrown at [C:\wsjdk\Corretto8Src\installers\windows\zip\corretto-build\buildRoot\src\hotspot\src\share\vm\classfile\systemDictionary.cpp, line 217]

Events (10 events):
Event: 1241.193 loading class java/net/Inet6Address$1
Event: 1241.193 loading class java/net/Inet6Address$1 done
Event: 1331.191 loading class org/gradle/launcher/daemon/registry/DaemonInfo$1
Event: 1331.191 loading class org/gradle/launcher/daemon/registry/DaemonInfo$1 done
Event: 1331.191 Thread 0x0000026163632000 DEOPT PACKING pc=0x000002614f850eb0 sp=0x000000fdeccfcfb0
Event: 1331.191 Thread 0x0000026163632000 DEOPT UNPACKING pc=0x000002614eea75d8 sp=0x000000fdeccfccf0 mode 1
Event: 1331.191 Thread 0x0000026163632000 DEOPT PACKING pc=0x000002614f850db0 sp=0x000000fdeccfd060
Event: 1331.191 Thread 0x0000026163632000 DEOPT UNPACKING pc=0x000002614eea75d8 sp=0x000000fdeccfcda0 mode 1
Event: 1331.191 Thread 0x0000026163632000 DEOPT PACKING pc=0x000002614f850db0 sp=0x000000fdeccfd110
Event: 1331.191 Thread 0x0000026163632000 DEOPT UNPACKING pc=0x000002614eea75d8 sp=0x000000fdeccfce50 mode 1


Dynamic libraries:
0x00007ff62cb70000 - 0x00007ff62cbaa000 	C:\Users\Inna\.jdks\corretto-1.8.0_292\bin\java.exe
0x00007fff5d370000 - 0x00007fff5d565000 	C:\WINDOWS\SYSTEM32\ntdll.dll
0x00007fff5ca00000 - 0x00007fff5cabd000 	C:\WINDOWS\System32\KERNEL32.DLL
0x00007fff5ac80000 - 0x00007fff5af48000 	C:\WINDOWS\System32\KERNELBASE.dll
0x00007fff5d0c0000 - 0x00007fff5d16c000 	C:\WINDOWS\System32\ADVAPI32.dll
0x00007fff5bcd0000 - 0x00007fff5bd6e000 	C:\WINDOWS\System32\msvcrt.dll
0x00007fff5bc30000 - 0x00007fff5bccb000 	C:\WINDOWS\System32\sechost.dll
0x00007fff5b690000 - 0x00007fff5b7bb000 	C:\WINDOWS\System32\RPCRT4.dll
0x00007fff5cda0000 - 0x00007fff5cf40000 	C:\WINDOWS\System32\USER32.dll
0x00007fff5ac50000 - 0x00007fff5ac72000 	C:\WINDOWS\System32\win32u.dll
0x00007fff5b3e0000 - 0x00007fff5b40a000 	C:\WINDOWS\System32\GDI32.dll
0x00007fff5b0f0000 - 0x00007fff5b1fb000 	C:\WINDOWS\System32\gdi32full.dll
0x00007fff5af50000 - 0x00007fff5afed000 	C:\WINDOWS\System32\msvcp_win.dll
0x00007fff5aff0000 - 0x00007fff5b0f0000 	C:\WINDOWS\System32\ucrtbase.dll
0x00007fff488d0000 - 0x00007fff48b6a000 	C:\WINDOWS\WinSxS\amd64_microsoft.windows.common-controls_6595b64144ccf1df_6.0.19041.1052_none_60b8f8fd71f5e8cb\COMCTL32.dll
0x00007fff5d020000 - 0x00007fff5d050000 	C:\WINDOWS\System32\IMM32.DLL
0x00007fff2dd40000 - 0x00007fff2de2f000 	C:\Users\Inna\.jdks\corretto-1.8.0_292\jre\bin\msvcr120.dll
0x00007fff2cda0000 - 0x00007fff2ce46000 	C:\Users\Inna\.jdks\corretto-1.8.0_292\jre\bin\msvcp120.dll
0x0000000067630000 - 0x0000000067e9e000 	C:\Users\Inna\.jdks\corretto-1.8.0_292\jre\bin\server\jvm.dll
0x00007fff5b470000 - 0x00007fff5b478000 	C:\WINDOWS\System32\PSAPI.DLL
0x00007fff36e40000 - 0x00007fff36e49000 	C:\WINDOWS\SYSTEM32\WSOCK32.dll
0x00007fff52bf0000 - 0x00007fff52bfa000 	C:\WINDOWS\SYSTEM32\VERSION.dll
0x00007fff5bd70000 - 0x00007fff5bddb000 	C:\WINDOWS\System32\WS2_32.dll
0x00007fff55fc0000 - 0x00007fff55fe7000 	C:\WINDOWS\SYSTEM32\WINMM.dll
0x00007fff53fe0000 - 0x00007fff53fef000 	C:\Users\Inna\.jdks\corretto-1.8.0_292\jre\bin\verify.dll
0x00007fff390f0000 - 0x00007fff39119000 	C:\Users\Inna\.jdks\corretto-1.8.0_292\jre\bin\java.dll
0x00007fff46aa0000 - 0x00007fff46ad5000 	C:\Users\Inna\.jdks\corretto-1.8.0_292\jre\bin\jdwp.dll
0x00007fff4ba70000 - 0x00007fff4ba78000 	C:\Users\Inna\.jdks\corretto-1.8.0_292\jre\bin\npt.dll
0x00007fff46a60000 - 0x00007fff46a76000 	C:\Users\Inna\.jdks\corretto-1.8.0_292\jre\bin\zip.dll
0x00007fff5c2b0000 - 0x00007fff5c9ef000 	C:\WINDOWS\System32\SHELL32.dll
0x00007fff58be0000 - 0x00007fff59370000 	C:\WINDOWS\SYSTEM32\windows.storage.dll
0x00007fff5bf50000 - 0x00007fff5c2a5000 	C:\WINDOWS\System32\combase.dll
0x00007fff5a520000 - 0x00007fff5a54c000 	C:\WINDOWS\SYSTEM32\Wldp.dll
0x00007fff5be40000 - 0x00007fff5beee000 	C:\WINDOWS\System32\SHCORE.dll
0x00007fff5d050000 - 0x00007fff5d0a5000 	C:\WINDOWS\System32\shlwapi.dll
0x00007fff5a9f0000 - 0x00007fff5aa0f000 	C:\WINDOWS\SYSTEM32\profapi.dll
0x00007fff47160000 - 0x00007fff47169000 	C:\Users\Inna\.jdks\corretto-1.8.0_292\jre\bin\dt_socket.dll
0x00007fff5a290000 - 0x00007fff5a2fa000 	C:\WINDOWS\system32\mswsock.dll
0x00007fff46990000 - 0x00007fff469aa000 	C:\Users\Inna\.jdks\corretto-1.8.0_292\jre\bin\net.dll
0x00007fff465e0000 - 0x00007fff465f2000 	C:\Users\Inna\.jdks\corretto-1.8.0_292\jre\bin\nio.dll
0x00007fff46160000 - 0x00007fff4617e000 	C:\Users\Inna\.gradle\native\25\windows-amd64\native-platform.dll
0x00007fff53230000 - 0x00007fff5323d000 	C:\Users\Inna\.jdks\corretto-1.8.0_292\jre\bin\management.dll
0x00007fff5a470000 - 0x00007fff5a488000 	C:\WINDOWS\SYSTEM32\CRYPTSP.dll
0x00007fff59bc0000 - 0x00007fff59bf4000 	C:\WINDOWS\system32\rsaenh.dll
0x00007fff5b3b0000 - 0x00007fff5b3d7000 	C:\WINDOWS\System32\bcrypt.dll
0x00007fff5a9b0000 - 0x00007fff5a9de000 	C:\WINDOWS\SYSTEM32\USERENV.dll
0x00007fff5abc0000 - 0x00007fff5ac43000 	C:\WINDOWS\System32\bcryptprimitives.dll
0x00007fff5a460000 - 0x00007fff5a46c000 	C:\WINDOWS\SYSTEM32\CRYPTBASE.dll
0x00007fff59f30000 - 0x00007fff59f6b000 	C:\WINDOWS\SYSTEM32\IPHLPAPI.DLL
0x00007fff5c9f0000 - 0x00007fff5c9f8000 	C:\WINDOWS\System32\NSI.dll
0x00007fff4b9b0000 - 0x00007fff4b9c7000 	C:\WINDOWS\SYSTEM32\dhcpcsvc6.DLL
0x00007fff4ed70000 - 0x00007fff4ed8d000 	C:\WINDOWS\SYSTEM32\dhcpcsvc.DLL
0x00007fff59f70000 - 0x00007fff5a03c000 	C:\WINDOWS\SYSTEM32\DNSAPI.dll

VM Arguments:
jvm_args: -XX:+HeapDumpOnOutOfMemoryError -agentlib:jdwp=transport=dt_socket,server=n,suspend=y,address=61791 -Xmx1024m -Dfile.encoding=windows-1252 -Duser.country=US -Duser.language=en -Duser.variant 
java_command: org.gradle.launcher.daemon.bootstrap.GradleDaemon 4.8.1
java_class_path (initial): C:\Users\Inna\.gradle\wrapper\dists\gradle-4.8.1-bin\e8p42vx1m7a3mz9ydmjagn6wn\gradle-4.8.1\lib\gradle-launcher-4.8.1.jar
Launcher Type: SUN_STANDARD

Environment Variables:
PATH=C:\Program Files\Common Files\Oracle\Java\javapath;C:\WINDOWS\system32;C:\WINDOWS;C:\WINDOWS\System32\Wbem;C:\WINDOWS\System32\WindowsPowerShell\v1.0\;C:\WINDOWS\System32\OpenSSH\;C:\Program Files\Git\cmd;C:\Users\Inna\AppData\Local\Microsoft\WindowsApps;C:\Program Files (x86)\IDM Computer Solutions\UltraEdit\;
USERNAME=Inna
OS=Windows_NT
PROCESSOR_IDENTIFIER=Intel64 Family 6 Model 142 Stepping 12, GenuineIntel



---------------  S Y S T E M  ---------------

OS: Windows 10.0 , 64 bit Build 19041 (10.0.19041.1023)

CPU:total 8 (initial active 8) (4 cores per cpu, 2 threads per core) family 6 model 142 stepping 12, cmov, cx8, fxsr, mmx, sse, sse2, sse3, ssse3, sse4.1, sse4.2, popcnt, avx, avx2, aes, clmul, erms, 3dnowpref, lzcnt, ht, tsc, tscinvbit, bmi1, bmi2, adx

Memory: 4k page, physical 8264948k(370860k free), swap 19381584k(1968k free)

vm_info: OpenJDK 64-Bit Server VM (25.292-b10) for windows-amd64 JRE (1.8.0_292-b10), built on Apr 14 2021 23:06:53 by "Administrator" with MS VC++ 12.0 (VS2013)

time: Wed Jul 14 23:53:14 2021
timezone: FLE Daylight Time
elapsed time: 12315.529786 seconds (0d 3h 25m 15s)

