#
# There is insufficient memory for the Java Runtime Environment to continue.
# Native memory allocation (malloc) failed to allocate 32744 bytes for ChunkPool::allocate
# Possible reasons:
#   The system is out of physical RAM or swap space
#   The process is running with CompressedOops enabled, and the Java Heap may be blocking the growth of the native heap
# Possible solutions:
#   Reduce memory load on the system
#   Increase physical memory or swap space
#   Check if swap backing store is full
#   Decrease Java heap size (-Xmx/-Xms)
#   Decrease number of Java threads
#   Decrease Java thread stack sizes (-Xss)
#   Set larger code cache with -XX:ReservedCodeCacheSize=
#   JVM is running with Unscaled Compressed Oops mode in which the Java heap is
#     placed in the first 4GB address space. The Java Heap base address is the
#     maximum limit for the native heap growth. Please use -XX:HeapBaseMinAddress
#     to set the Java Heap base and to place the Java Heap above 4GB virtual address.
# This output file may be truncated or incomplete.
#
#  Out of Memory Error (allocation.cpp:272), pid=8516, tid=0x0000000000003d0c
#
# JRE version: OpenJDK Runtime Environment (8.0_292-b10) (build 1.8.0_292-b10)
# Java VM: OpenJDK 64-Bit Server VM (25.292-b10 mixed mode windows-amd64 compressed oops)
# Failed to write core dump. Minidumps are not enabled by default on client versions of Windows
#

---------------  T H R E A D  ---------------

Current thread (0x0000022cc0acb800):  JavaThread "C2 CompilerThread0" daemon [_thread_in_native, id=15628, stack(0x000000d19a200000,0x000000d19a300000)]

Stack: [0x000000d19a200000,0x000000d19a300000]
[error occurred during error reporting (printing stack bounds), id 0xc0000005]

Native frames: (J=compiled Java code, j=interpreted, Vv=VM code, C=native code)


Current CompileTask:
C2:12939127 4007       4       org.gradle.launcher.daemon.server.CompatibleDaemonExpirationStrategy$1::isSatisfiedBy (9 bytes)


---------------  P R O C E S S  ---------------

Java Threads: ( => current thread )
  0x0000022cc3f00800 JavaThread "Exec process Thread 4" [_thread_in_native, id=15708, stack(0x000000d19c600000,0x000000d19c700000)]
  0x0000022cc3f06800 JavaThread "Exec process Thread 3" [_thread_in_native, id=3128, stack(0x000000d19c500000,0x000000d19c600000)]
  0x0000022cc3f07800 JavaThread "Exec process Thread 2" [_thread_blocked, id=14556, stack(0x000000d19c400000,0x000000d19c500000)]
  0x0000022cc3eff000 JavaThread "DisconnectableInputStream source reader" daemon [_thread_blocked, id=7232, stack(0x000000d19c300000,0x000000d19c400000)]
  0x0000022cc3f06000 JavaThread "Exec process" [_thread_in_native, id=11336, stack(0x000000d19c200000,0x000000d19c300000)]
  0x0000022cc3f02800 JavaThread "Build operations Thread 3" [_thread_blocked, id=15144, stack(0x000000d19c100000,0x000000d19c200000)]
  0x0000022cc3eff800 JavaThread "Build operations Thread 2" [_thread_blocked, id=15992, stack(0x000000d19c000000,0x000000d19c100000)]
  0x0000022cc3f05000 JavaThread "Build operations" [_thread_blocked, id=13088, stack(0x000000d19bf00000,0x000000d19c000000)]
  0x0000022cc3f01000 JavaThread "Task worker for ':' Thread 2" [_thread_blocked, id=3336, stack(0x000000d19b900000,0x000000d19ba00000)]
  0x0000022cc42f6800 JavaThread "Cache worker for Build Output Cleanup Cache (D:\Inna\JAVA\Testove\QuickBase\interview-demos\backend\.gradle\buildOutputCleanup)" [_thread_blocked, id=2684, stack(0x000000d19b700000,0x000000d19b800000)]
  0x0000022cc42f5800 JavaThread "Cache worker for task history cache (D:\Inna\JAVA\Testove\QuickBase\interview-demos\backend\.gradle\4.8.1\taskHistory)" [_thread_blocked, id=2480, stack(0x000000d19b600000,0x000000d19b700000)]
  0x0000022cc42f0000 JavaThread "Cache worker for file content cache (D:\Inna\JAVA\Testove\QuickBase\interview-demos\backend\.gradle\4.8.1\fileContent)" [_thread_blocked, id=12180, stack(0x000000d19b500000,0x000000d19b600000)]
  0x0000022cc42f2000 JavaThread "Memory manager" [_thread_blocked, id=9952, stack(0x000000d19b400000,0x000000d19b500000)]
  0x0000022cc42f2800 JavaThread "Cache worker for Artifact transforms cache (C:\Users\Inna\.gradle\caches\transforms-1)" [_thread_blocked, id=13488, stack(0x000000d19b300000,0x000000d19b400000)]
  0x0000022cc42f7800 JavaThread "Cache worker for file hash cache (D:\Inna\JAVA\Testove\QuickBase\interview-demos\backend\.gradle\4.8.1\fileHashes)" [_thread_blocked, id=16380, stack(0x000000d19b200000,0x000000d19b300000)]
  0x0000022cc33a9000 JavaThread "File lock request listener" [_thread_in_native, id=14816, stack(0x000000d19b100000,0x000000d19b200000)]
  0x0000022cc3d81800 JavaThread "Cache worker for file hash cache (C:\Users\Inna\.gradle\caches\4.8.1\fileHashes)" [_thread_blocked, id=3356, stack(0x000000d19b000000,0x000000d19b100000)]
  0x0000022cc399f800 JavaThread "Stdin handler" [_thread_blocked, id=2388, stack(0x000000d19af00000,0x000000d19b000000)]
  0x0000022cc399a000 JavaThread "Asynchronous log dispatcher for DefaultDaemonConnection: socket connection from /127.0.0.1:62343 to /127.0.0.1:62344" [_thread_blocked, id=13496, stack(0x000000d19ae00000,0x000000d19af00000)]
  0x0000022cc398a000 JavaThread "Daemon worker" [_thread_blocked, id=704, stack(0x000000d19ad00000,0x000000d19ae00000)]
  0x0000022cc3987800 JavaThread "Cancel handler" [_thread_blocked, id=14180, stack(0x000000d19ac00000,0x000000d19ad00000)]
  0x0000022cc36b3000 JavaThread "Handler for socket connection from /127.0.0.1:62343 to /127.0.0.1:62344" [_thread_in_native, id=6544, stack(0x000000d19ab00000,0x000000d19ac00000)]
  0x0000022cc36b0000 JavaThread "Daemon" [_thread_blocked, id=9048, stack(0x000000d19aa00000,0x000000d19ab00000)]
  0x0000022cc235e800 JavaThread "Daemon periodic checks" [_thread_in_native, id=16192, stack(0x000000d19a900000,0x000000d19aa00000)]
  0x0000022cc39b3800 JavaThread "Incoming local TCP Connector on port 62343" [_thread_in_native, id=15744, stack(0x000000d19a800000,0x000000d19a900000)]
  0x0000022cc0b0d800 JavaThread "Service Thread" daemon [_thread_blocked, id=5116, stack(0x000000d19a600000,0x000000d19a700000)]
  0x0000022cc0ad8800 JavaThread "C1 CompilerThread3" daemon [_thread_blocked, id=6812, stack(0x000000d19a500000,0x000000d19a600000)]
  0x0000022cc0acf000 JavaThread "C2 CompilerThread2" daemon [_thread_blocked, id=14528, stack(0x000000d19a400000,0x000000d19a500000)]
  0x0000022cc0ac7000 JavaThread "C2 CompilerThread1" daemon [_thread_in_native, id=2984, stack(0x000000d19a300000,0x000000d19a400000)]
=>0x0000022cc0acb800 JavaThread "C2 CompilerThread0" daemon [_thread_in_native, id=15628, stack(0x000000d19a200000,0x000000d19a300000)]
  0x0000022cc0ab5800 JavaThread "JDWP Command Reader" daemon [_thread_in_native, id=6904, stack(0x000000d19a100000,0x000000d19a200000)]
  0x0000022cc0ab1000 JavaThread "JDWP Event Helper Thread" daemon [_thread_blocked, id=3504, stack(0x000000d19a000000,0x000000d19a100000)]
  0x0000022cc0aab000 JavaThread "JDWP Transport Listener: dt_socket" daemon [_thread_blocked, id=9164, stack(0x000000d199f00000,0x000000d19a000000)]
  0x0000022cc0a93000 JavaThread "Attach Listener" daemon [_thread_blocked, id=14300, stack(0x000000d199e00000,0x000000d199f00000)]
  0x0000022cc0a87000 JavaThread "Signal Dispatcher" daemon [_thread_blocked, id=12264, stack(0x000000d199d00000,0x000000d199e00000)]
  0x0000022cac56b000 JavaThread "Finalizer" daemon [_thread_blocked, id=6248, stack(0x000000d199c00000,0x000000d199d00000)]
  0x0000022cc0a59000 JavaThread "Reference Handler" daemon [_thread_blocked, id=1600, stack(0x000000d199b00000,0x000000d199c00000)]
  0x0000022cac364000 JavaThread "main" [_thread_blocked, id=13816, stack(0x000000d199100000,0x000000d199200000)]

Other Threads:
  0x0000022cc0a32800 VMThread [stack: 0x000000d199a00000,0x000000d199b00000] [id=10448]
  0x0000022cc0add800 WatcherThread [stack: 0x000000d19a700000,0x000000d19a800000] [id=4244]

VM state:not at safepoint (normal execution)

VM Mutex/Monitor currently owned by a thread: None

heap address: 0x00000000c0000000, size: 1024 MB, Compressed Oops mode: 32-bit
Narrow klass base: 0x0000000000000000, Narrow klass shift: 3
Compressed class space size: 1073741824 Address: 0x0000000100000000

Heap:
 PSYoungGen      total 93184K, used 25986K [0x00000000eab00000, 0x00000000f1400000, 0x0000000100000000)
  eden space 83968K, 23% used [0x00000000eab00000,0x00000000ebea06c8,0x00000000efd00000)
  from space 9216K, 63% used [0x00000000f0b00000,0x00000000f10c0420,0x00000000f1400000)
  to   space 11776K, 0% used [0x00000000efd00000,0x00000000efd00000,0x00000000f0880000)
 ParOldGen       total 103936K, used 18339K [0x00000000c0000000, 0x00000000c6580000, 0x00000000eab00000)
  object space 103936K, 17% used [0x00000000c0000000,0x00000000c11e8dc8,0x00000000c6580000)
 Metaspace       used 40646K, capacity 41340K, committed 41640K, reserved 1085440K
  class space    used 5797K, capacity 6023K, committed 6064K, reserved 1048576K

Card table byte_map: [0x0000022cbd100000,0x0000022cbd310000] byte_map_base: 0x0000022cbcb00000

Marking Bits: (ParMarkBitMap*) 0x0000000067e1f7f0
 Begin Bits: [0x0000022cbd470000, 0x0000022cbe470000)
 End Bits:   [0x0000022cbe470000, 0x0000022cbf470000)

Polling page: 0x0000022cac300000

CodeCache: size=245760Kb used=13278Kb max_used=13465Kb free=232481Kb
 bounds [0x0000022cadd40000, 0x0000022caeae0000, 0x0000022cbcd40000]
 total_blobs=4194 nmethods=3478 adapters=635
 compilation: enabled

Compilation events (10 events):
Event: 12938.994 Thread 0x0000022cc0acf000 4009       4       org.gradle.launcher.daemon.context.DaemonCompatibilitySpec::daemonOptsMatch (57 bytes)
Event: 12938.996 Thread 0x0000022cc0acf000 nmethod 4009 0x0000022caea79750 code [0x0000022caea798c0, 0x0000022caea79aa8]
Event: 12939.012 Thread 0x0000022cc0ad8800 4010       3       com.google.common.collect.Lists$TransformingSequentialList::listIterator (19 bytes)
Event: 12939.012 Thread 0x0000022cc0ad8800 nmethod 4010 0x0000022caea7a610 code [0x0000022caea7a7c0, 0x0000022caea7ad80]
Event: 12939.012 Thread 0x0000022cc0ad8800 4011       3       com.google.common.collect.Lists$TransformingSequentialList$1::<init> (11 bytes)
Event: 12939.013 Thread 0x0000022cc0ad8800 nmethod 4011 0x0000022caea79d90 code [0x0000022caea79f20, 0x0000022caea7a330]
Event: 12939.013 Thread 0x0000022cc0ad8800 4012       3       com.google.common.collect.TransformedListIterator::<init> (6 bytes)
Event: 12939.013 Thread 0x0000022cc0ad8800 nmethod 4012 0x0000022caea7ef90 code [0x0000022caea7f120, 0x0000022caea7f4b0]
Event: 12939.087 Thread 0x0000022cc0ad8800 4013       1       com.google.common.base.Functions$ConstantFunction::apply (5 bytes)
Event: 12939.087 Thread 0x0000022cc0ad8800 nmethod 4013 0x0000022caea79490 code [0x0000022caea795e0, 0x0000022caea796f8]

GC Heap History (10 events):
Event: 4.656 GC heap before
{Heap before GC invocations=10 (full 1):
 PSYoungGen      total 83456K, used 64452K [0x00000000eab00000, 0x00000000f1700000, 0x0000000100000000)
  eden space 73216K, 75% used [0x00000000eab00000,0x00000000ee1149f8,0x00000000ef280000)
  from space 10240K, 88% used [0x00000000efd80000,0x00000000f065c810,0x00000000f0780000)
  to   space 11264K, 0% used [0x00000000ef280000,0x00000000ef280000,0x00000000efd80000)
 ParOldGen       total 64512K, used 8807K [0x00000000c0000000, 0x00000000c3f00000, 0x00000000eab00000)
  object space 64512K, 13% used [0x00000000c0000000,0x00000000c0899cf8,0x00000000c3f00000)
 Metaspace       used 34796K, capacity 35382K, committed 35496K, reserved 1079296K
  class space    used 5058K, capacity 5263K, committed 5296K, reserved 1048576K
Event: 4.665 GC heap after
Heap after GC invocations=10 (full 1):
 PSYoungGen      total 84480K, used 11243K [0x00000000eab00000, 0x00000000f2100000, 0x0000000100000000)
  eden space 73216K, 0% used [0x00000000eab00000,0x00000000eab00000,0x00000000ef280000)
  from space 11264K, 99% used [0x00000000ef280000,0x00000000efd7af98,0x00000000efd80000)
  to   space 12800K, 0% used [0x00000000f1480000,0x00000000f1480000,0x00000000f2100000)
 ParOldGen       total 64512K, used 9589K [0x00000000c0000000, 0x00000000c3f00000, 0x00000000eab00000)
  object space 64512K, 14% used [0x00000000c0000000,0x00000000c095d598,0x00000000c3f00000)
 Metaspace       used 34796K, capacity 35382K, committed 35496K, reserved 1079296K
  class space    used 5058K, capacity 5263K, committed 5296K, reserved 1048576K
}
Event: 4.665 GC heap before
{Heap before GC invocations=11 (full 2):
 PSYoungGen      total 84480K, used 11243K [0x00000000eab00000, 0x00000000f2100000, 0x0000000100000000)
  eden space 73216K, 0% used [0x00000000eab00000,0x00000000eab00000,0x00000000ef280000)
  from space 11264K, 99% used [0x00000000ef280000,0x00000000efd7af98,0x00000000efd80000)
  to   space 12800K, 0% used [0x00000000f1480000,0x00000000f1480000,0x00000000f2100000)
 ParOldGen       total 64512K, used 9589K [0x00000000c0000000, 0x00000000c3f00000, 0x00000000eab00000)
  object space 64512K, 14% used [0x00000000c0000000,0x00000000c095d598,0x00000000c3f00000)
 Metaspace       used 34796K, capacity 35382K, committed 35496K, reserved 1079296K
  class space    used 5058K, capacity 5263K, committed 5296K, reserved 1048576K
Event: 4.724 GC heap after
Heap after GC invocations=11 (full 2):
 PSYoungGen      total 84480K, used 0K [0x00000000eab00000, 0x00000000f2100000, 0x0000000100000000)
  eden space 73216K, 0% used [0x00000000eab00000,0x00000000eab00000,0x00000000ef280000)
  from space 11264K, 0% used [0x00000000ef280000,0x00000000ef280000,0x00000000efd80000)
  to   space 12800K, 0% used [0x00000000f1480000,0x00000000f1480000,0x00000000f2100000)
 ParOldGen       total 103936K, used 18331K [0x00000000c0000000, 0x00000000c6580000, 0x00000000eab00000)
  object space 103936K, 17% used [0x00000000c0000000,0x00000000c11e6dc8,0x00000000c6580000)
 Metaspace       used 34796K, capacity 35382K, committed 35496K, reserved 1079296K
  class space    used 5058K, capacity 5263K, committed 5296K, reserved 1048576K
}
Event: 1521.298 GC heap before
{Heap before GC invocations=12 (full 2):
 PSYoungGen      total 84480K, used 73216K [0x00000000eab00000, 0x00000000f2100000, 0x0000000100000000)
  eden space 73216K, 100% used [0x00000000eab00000,0x00000000ef280000,0x00000000ef280000)
  from space 11264K, 0% used [0x00000000ef280000,0x00000000ef280000,0x00000000efd80000)
  to   space 12800K, 0% used [0x00000000f1480000,0x00000000f1480000,0x00000000f2100000)
 ParOldGen       total 103936K, used 18331K [0x00000000c0000000, 0x00000000c6580000, 0x00000000eab00000)
  object space 103936K, 17% used [0x00000000c0000000,0x00000000c11e6dc8,0x00000000c6580000)
 Metaspace       used 40566K, capacity 41276K, committed 41640K, reserved 1085440K
  class space    used 5796K, capacity 6023K, committed 6064K, reserved 1048576K
Event: 1521.382 GC heap after
Heap after GC invocations=12 (full 2):
 PSYoungGen      total 95232K, used 6785K [0x00000000eab00000, 0x00000000f1b80000, 0x0000000100000000)
  eden space 88064K, 0% used [0x00000000eab00000,0x00000000eab00000,0x00000000f0100000)
  from space 7168K, 94% used [0x00000000f1480000,0x00000000f1b20420,0x00000000f1b80000)
  to   space 12288K, 0% used [0x00000000f0380000,0x00000000f0380000,0x00000000f0f80000)
 ParOldGen       total 103936K, used 18339K [0x00000000c0000000, 0x00000000c6580000, 0x00000000eab00000)
  object space 103936K, 17% used [0x00000000c0000000,0x00000000c11e8dc8,0x00000000c6580000)
 Metaspace       used 40566K, capacity 41276K, committed 41640K, reserved 1085440K
  class space    used 5796K, capacity 6023K, committed 6064K, reserved 1048576K
}
Event: 12938.544 GC heap before
{Heap before GC invocations=13 (full 2):
 PSYoungGen      total 95232K, used 94849K [0x00000000eab00000, 0x00000000f1b80000, 0x0000000100000000)
  eden space 88064K, 100% used [0x00000000eab00000,0x00000000f0100000,0x00000000f0100000)
  from space 7168K, 94% used [0x00000000f1480000,0x00000000f1b20420,0x00000000f1b80000)
  to   space 12288K, 0% used [0x00000000f0380000,0x00000000f0380000,0x00000000f0f80000)
 ParOldGen       total 103936K, used 18339K [0x00000000c0000000, 0x00000000c6580000, 0x00000000eab00000)
  object space 103936K, 17% used [0x00000000c0000000,0x00000000c11e8dc8,0x00000000c6580000)
 Metaspace       used 40642K, capacity 41340K, committed 41640K, reserved 1085440K
  class space    used 5797K, capacity 6023K, committed 6064K, reserved 1048576K
Event: 12938.628 GC heap after
Heap after GC invocations=13 (full 2):
 PSYoungGen      total 92160K, used 5825K [0x00000000eab00000, 0x00000000f1700000, 0x0000000100000000)
  eden space 86016K, 0% used [0x00000000eab00000,0x00000000eab00000,0x00000000eff00000)
  from space 6144K, 94% used [0x00000000f0380000,0x00000000f0930420,0x00000000f0980000)
  to   space 12288K, 0% used [0x00000000f0b00000,0x00000000f0b00000,0x00000000f1700000)
 ParOldGen       total 103936K, used 18339K [0x00000000c0000000, 0x00000000c6580000, 0x00000000eab00000)
  object space 103936K, 17% used [0x00000000c0000000,0x00000000c11e8dc8,0x00000000c6580000)
 Metaspace       used 40642K, capacity 41340K, committed 41640K, reserved 1085440K
  class space    used 5797K, capacity 6023K, committed 6064K, reserved 1048576K
}
Event: 12939.047 GC heap before
{Heap before GC invocations=14 (full 2):
 PSYoungGen      total 92160K, used 91841K [0x00000000eab00000, 0x00000000f1700000, 0x0000000100000000)
  eden space 86016K, 100% used [0x00000000eab00000,0x00000000eff00000,0x00000000eff00000)
  from space 6144K, 94% used [0x00000000f0380000,0x00000000f0930420,0x00000000f0980000)
  to   space 12288K, 0% used [0x00000000f0b00000,0x00000000f0b00000,0x00000000f1700000)
 ParOldGen       total 103936K, used 18339K [0x00000000c0000000, 0x00000000c6580000, 0x00000000eab00000)
  object space 103936K, 17% used [0x00000000c0000000,0x00000000c11e8dc8,0x00000000c6580000)
 Metaspace       used 40646K, capacity 41340K, committed 41640K, reserved 1085440K
  class space    used 5797K, capacity 6023K, committed 6064K, reserved 1048576K
Event: 12939.052 GC heap after
Heap after GC invocations=14 (full 2):
 PSYoungGen      total 93184K, used 5889K [0x00000000eab00000, 0x00000000f1400000, 0x0000000100000000)
  eden space 83968K, 0% used [0x00000000eab00000,0x00000000eab00000,0x00000000efd00000)
  from space 9216K, 63% used [0x00000000f0b00000,0x00000000f10c0420,0x00000000f1400000)
  to   space 11776K, 0% used [0x00000000efd00000,0x00000000efd00000,0x00000000f0880000)
 ParOldGen       total 103936K, used 18339K [0x00000000c0000000, 0x00000000c6580000, 0x00000000eab00000)
  object space 103936K, 17% used [0x00000000c0000000,0x00000000c11e8dc8,0x00000000c6580000)
 Metaspace       used 40646K, capacity 41340K, committed 41640K, reserved 1085440K
  class space    used 5797K, capacity 6023K, committed 6064K, reserved 1048576K
}

Deoptimization events (10 events):
Event: 4.384 Thread 0x0000022cc398a000 Uncommon trap: reason=unstable_if action=reinterpret pc=0x0000022cae29b974 method=sun.misc.MetaIndex.mayContain(Ljava/lang/String;)Z @ 38
Event: 4.551 Thread 0x0000022cc3f01000 Uncommon trap: reason=unstable_if action=reinterpret pc=0x0000022cae103694 method=java.lang.String.regionMatches(ZILjava/lang/String;II)Z @ 123
Event: 4.582 Thread 0x0000022cc3f01000 Uncommon trap: reason=unstable_if action=reinterpret pc=0x0000022cadf908f0 method=java.net.URI.match(CJJ)Z @ 45
Event: 4.582 Thread 0x0000022cc3f01000 Uncommon trap: reason=unstable_if action=reinterpret pc=0x0000022cadea2718 method=java.net.URI.match(CJJ)Z @ 19
Event: 5.221 Thread 0x0000022cc3f01000 Uncommon trap: reason=unstable_if action=reinterpret pc=0x0000022cae968490 method=com.sun.tools.javac.util.Name$Table.equals([BI[BII)Z @ 22
Event: 5.358 Thread 0x0000022cc3f01000 Uncommon trap: reason=unstable_if action=reinterpret pc=0x0000022cae8928a8 method=java.lang.ClassLoader.checkCerts(Ljava/lang/String;Ljava/security/CodeSource;)V @ 29
Event: 5.364 Thread 0x0000022cc3f01000 Uncommon trap: reason=bimorphic action=maybe_recompile pc=0x0000022cae2e9758 method=java.lang.ClassLoader.getPackage(Ljava/lang/String;)Ljava/lang/Package; @ 47
Event: 5.364 Thread 0x0000022cc3f01000 Uncommon trap: reason=bimorphic action=maybe_recompile pc=0x0000022cae2e9758 method=java.lang.ClassLoader.getPackage(Ljava/lang/String;)Ljava/lang/Package; @ 47
Event: 5.364 Thread 0x0000022cc3f01000 Uncommon trap: reason=bimorphic action=maybe_recompile pc=0x0000022cae2e9758 method=java.lang.ClassLoader.getPackage(Ljava/lang/String;)Ljava/lang/Package; @ 47
Event: 5.364 Thread 0x0000022cc3f01000 Uncommon trap: reason=bimorphic action=maybe_recompile pc=0x0000022cae2e9758 method=java.lang.ClassLoader.getPackage(Ljava/lang/String;)Ljava/lang/Package; @ 47

Classes redefined (0 events):
No events

Internal exceptions (10 events):
Event: 5.350 Thread 0x0000022cc3f01000 Exception <a 'java/lang/ClassNotFoundException': org/gradle/api/internal/file/UnionFileCollectionCustomizer> (0x00000000ed14be48) thrown at [C:\wsjdk\Corretto8Src\installers\windows\zip\corretto-build\buildRoot\src\hotspot\src\share\vm\classfile\systemDic
Event: 5.357 Thread 0x0000022cc3f01000 Exception <a 'java/lang/ClassNotFoundException': java/io/FileBeanInfo> (0x00000000ed19ae60) thrown at [C:\wsjdk\Corretto8Src\installers\windows\zip\corretto-build\buildRoot\src\hotspot\src\share\vm\classfile\systemDictionary.cpp, line 217]
Event: 5.357 Thread 0x0000022cc3f01000 Exception <a 'java/lang/ClassNotFoundException': java/io/FileCustomizer> (0x00000000ed1a1018) thrown at [C:\wsjdk\Corretto8Src\installers\windows\zip\corretto-build\buildRoot\src\hotspot\src\share\vm\classfile\systemDictionary.cpp, line 217]
Event: 5.358 Thread 0x0000022cc3f01000 Implicit null exception at 0x0000022cae891526 to 0x0000022cae892861
Event: 5.368 Thread 0x0000022cc3f01000 Exception <a 'java/lang/ClassNotFoundException': com/intellij/openapi/externalSystem/rt/execution/ForkedDebuggerHelperBeanInfo> (0x00000000ed20f7e0) thrown at [C:\wsjdk\Corretto8Src\installers\windows\zip\corretto-build\buildRoot\src\hotspot\src\share\vm\
Event: 5.369 Thread 0x0000022cc3f01000 Exception <a 'java/lang/ClassNotFoundException': com/intellij/openapi/externalSystem/rt/execution/ForkedDebuggerHelperCustomizer> (0x00000000ed215d70) thrown at [C:\wsjdk\Corretto8Src\installers\windows\zip\corretto-build\buildRoot\src\hotspot\src\share\v
Event: 5.411 Thread 0x0000022cc3f01000 Exception <a 'java/lang/ClassNotFoundException': java/util/ArrayListBeanInfo> (0x00000000ed2747b0) thrown at [C:\wsjdk\Corretto8Src\installers\windows\zip\corretto-build\buildRoot\src\hotspot\src\share\vm\classfile\systemDictionary.cpp, line 217]
Event: 5.412 Thread 0x0000022cc3f01000 Exception <a 'java/lang/ClassNotFoundException': java/util/AbstractListBeanInfo> (0x00000000ed278c38) thrown at [C:\wsjdk\Corretto8Src\installers\windows\zip\corretto-build\buildRoot\src\hotspot\src\share\vm\classfile\systemDictionary.cpp, line 217]
Event: 5.412 Thread 0x0000022cc3f01000 Exception <a 'java/lang/ClassNotFoundException': java/util/AbstractListCustomizer> (0x00000000ed27d100) thrown at [C:\wsjdk\Corretto8Src\installers\windows\zip\corretto-build\buildRoot\src\hotspot\src\share\vm\classfile\systemDictionary.cpp, line 217]
Event: 5.414 Thread 0x0000022cc3f01000 Exception <a 'java/lang/ClassNotFoundException': java/util/ArrayListCustomizer> (0x00000000ed28fce0) thrown at [C:\wsjdk\Corretto8Src\installers\windows\zip\corretto-build\buildRoot\src\hotspot\src\share\vm\classfile\systemDictionary.cpp, line 217]

Events (10 events):
Event: 1661.307 Thread 0x0000022cc235e800 DEOPT PACKING pc=0x0000022cae5d8770 sp=0x000000d19a9fd9f0
Event: 1661.307 Thread 0x0000022cc235e800 DEOPT UNPACKING pc=0x0000022cadd875d8 sp=0x000000d19a9fd730 mode 1
Event: 1828.813 Thread 0x0000022cc399a000 DEOPT PACKING pc=0x0000022cae29c5ef sp=0x000000d19aeff3e0
Event: 1828.823 Thread 0x0000022cc399a000 DEOPT UNPACKING pc=0x0000022cadd875d8 sp=0x000000d19aeff1a8 mode 0
Event: 12938.543 Executing VM operation: ParallelGCFailedAllocation
Event: 12938.628 Executing VM operation: ParallelGCFailedAllocation done
Event: 12938.628 Executing VM operation: RevokeBias
Event: 12938.628 Executing VM operation: RevokeBias done
Event: 12939.047 Executing VM operation: ParallelGCFailedAllocation
Event: 12939.052 Executing VM operation: ParallelGCFailedAllocation done


Dynamic libraries:
0x00007ff62cb70000 - 0x00007ff62cbaa000 	C:\Users\Inna\.jdks\corretto-1.8.0_292\bin\java.exe
0x00007fff5d370000 - 0x00007fff5d565000 	C:\WINDOWS\SYSTEM32\ntdll.dll
0x00007fff5ca00000 - 0x00007fff5cabd000 	C:\WINDOWS\System32\KERNEL32.DLL
0x00007fff5ac80000 - 0x00007fff5af48000 	C:\WINDOWS\System32\KERNELBASE.dll
0x00007fff5d0c0000 - 0x00007fff5d16c000 	C:\WINDOWS\System32\ADVAPI32.dll
0x00007fff5bcd0000 - 0x00007fff5bd6e000 	C:\WINDOWS\System32\msvcrt.dll
0x00007fff5bc30000 - 0x00007fff5bccb000 	C:\WINDOWS\System32\sechost.dll
0x00007fff5b690000 - 0x00007fff5b7bb000 	C:\WINDOWS\System32\RPCRT4.dll
0x00007fff5cda0000 - 0x00007fff5cf40000 	C:\WINDOWS\System32\USER32.dll
0x00007fff5ac50000 - 0x00007fff5ac72000 	C:\WINDOWS\System32\win32u.dll
0x00007fff5b3e0000 - 0x00007fff5b40a000 	C:\WINDOWS\System32\GDI32.dll
0x00007fff5b0f0000 - 0x00007fff5b1fb000 	C:\WINDOWS\System32\gdi32full.dll
0x00007fff5af50000 - 0x00007fff5afed000 	C:\WINDOWS\System32\msvcp_win.dll
0x00007fff5aff0000 - 0x00007fff5b0f0000 	C:\WINDOWS\System32\ucrtbase.dll
0x00007fff488d0000 - 0x00007fff48b6a000 	C:\WINDOWS\WinSxS\amd64_microsoft.windows.common-controls_6595b64144ccf1df_6.0.19041.1052_none_60b8f8fd71f5e8cb\COMCTL32.dll
0x00007fff5d020000 - 0x00007fff5d050000 	C:\WINDOWS\System32\IMM32.DLL
0x00007fff2dd40000 - 0x00007fff2de2f000 	C:\Users\Inna\.jdks\corretto-1.8.0_292\jre\bin\msvcr120.dll
0x00007fff2cda0000 - 0x00007fff2ce46000 	C:\Users\Inna\.jdks\corretto-1.8.0_292\jre\bin\msvcp120.dll
0x0000000067630000 - 0x0000000067e9e000 	C:\Users\Inna\.jdks\corretto-1.8.0_292\jre\bin\server\jvm.dll
0x00007fff5b470000 - 0x00007fff5b478000 	C:\WINDOWS\System32\PSAPI.DLL
0x00007fff52bf0000 - 0x00007fff52bfa000 	C:\WINDOWS\SYSTEM32\VERSION.dll
0x00007fff55fc0000 - 0x00007fff55fe7000 	C:\WINDOWS\SYSTEM32\WINMM.dll
0x00007fff36e40000 - 0x00007fff36e49000 	C:\WINDOWS\SYSTEM32\WSOCK32.dll
0x00007fff5bd70000 - 0x00007fff5bddb000 	C:\WINDOWS\System32\WS2_32.dll
0x00007fff53fe0000 - 0x00007fff53fef000 	C:\Users\Inna\.jdks\corretto-1.8.0_292\jre\bin\verify.dll
0x00007fff390f0000 - 0x00007fff39119000 	C:\Users\Inna\.jdks\corretto-1.8.0_292\jre\bin\java.dll
0x00007fff46aa0000 - 0x00007fff46ad5000 	C:\Users\Inna\.jdks\corretto-1.8.0_292\jre\bin\jdwp.dll
0x00007fff4ba70000 - 0x00007fff4ba78000 	C:\Users\Inna\.jdks\corretto-1.8.0_292\jre\bin\npt.dll
0x00007fff46a60000 - 0x00007fff46a76000 	C:\Users\Inna\.jdks\corretto-1.8.0_292\jre\bin\zip.dll
0x00007fff5c2b0000 - 0x00007fff5c9ef000 	C:\WINDOWS\System32\SHELL32.dll
0x00007fff58be0000 - 0x00007fff59370000 	C:\WINDOWS\SYSTEM32\windows.storage.dll
0x00007fff5bf50000 - 0x00007fff5c2a5000 	C:\WINDOWS\System32\combase.dll
0x00007fff5a520000 - 0x00007fff5a54c000 	C:\WINDOWS\SYSTEM32\Wldp.dll
0x00007fff5be40000 - 0x00007fff5beee000 	C:\WINDOWS\System32\SHCORE.dll
0x00007fff5d050000 - 0x00007fff5d0a5000 	C:\WINDOWS\System32\shlwapi.dll
0x00007fff5a9f0000 - 0x00007fff5aa0f000 	C:\WINDOWS\SYSTEM32\profapi.dll
0x00007fff47160000 - 0x00007fff47169000 	C:\Users\Inna\.jdks\corretto-1.8.0_292\jre\bin\dt_socket.dll
0x00007fff5a290000 - 0x00007fff5a2fa000 	C:\WINDOWS\system32\mswsock.dll
0x00007fff46990000 - 0x00007fff469aa000 	C:\Users\Inna\.jdks\corretto-1.8.0_292\jre\bin\net.dll
0x00007fff465e0000 - 0x00007fff465f2000 	C:\Users\Inna\.jdks\corretto-1.8.0_292\jre\bin\nio.dll
0x00007fff46160000 - 0x00007fff4617e000 	C:\Users\Inna\.gradle\native\25\windows-amd64\native-platform.dll
0x00007fff53230000 - 0x00007fff5323d000 	C:\Users\Inna\.jdks\corretto-1.8.0_292\jre\bin\management.dll
0x00007fff5a470000 - 0x00007fff5a488000 	C:\WINDOWS\SYSTEM32\CRYPTSP.dll
0x00007fff59bc0000 - 0x00007fff59bf4000 	C:\WINDOWS\system32\rsaenh.dll
0x00007fff5b3b0000 - 0x00007fff5b3d7000 	C:\WINDOWS\System32\bcrypt.dll
0x00007fff5a9b0000 - 0x00007fff5a9de000 	C:\WINDOWS\SYSTEM32\USERENV.dll
0x00007fff5abc0000 - 0x00007fff5ac43000 	C:\WINDOWS\System32\bcryptprimitives.dll
0x00007fff5a460000 - 0x00007fff5a46c000 	C:\WINDOWS\SYSTEM32\CRYPTBASE.dll
0x00007fff59f30000 - 0x00007fff59f6b000 	C:\WINDOWS\SYSTEM32\IPHLPAPI.DLL
0x00007fff5c9f0000 - 0x00007fff5c9f8000 	C:\WINDOWS\System32\NSI.dll
0x00007fff4b9b0000 - 0x00007fff4b9c7000 	C:\WINDOWS\SYSTEM32\dhcpcsvc6.DLL
0x00007fff4ed70000 - 0x00007fff4ed8d000 	C:\WINDOWS\SYSTEM32\dhcpcsvc.DLL
0x00007fff59f70000 - 0x00007fff5a03c000 	C:\WINDOWS\SYSTEM32\DNSAPI.dll

VM Arguments:
jvm_args: -XX:+HeapDumpOnOutOfMemoryError -agentlib:jdwp=transport=dt_socket,server=n,suspend=y,address=62338 -Xmx1024m -Dfile.encoding=windows-1252 -Duser.country=US -Duser.language=en -Duser.variant 
java_command: org.gradle.launcher.daemon.bootstrap.GradleDaemon 4.8.1
java_class_path (initial): C:\Users\Inna\.gradle\wrapper\dists\gradle-4.8.1-bin\e8p42vx1m7a3mz9ydmjagn6wn\gradle-4.8.1\lib\gradle-launcher-4.8.1.jar
Launcher Type: SUN_STANDARD

Environment Variables:
PATH=C:\Program Files\Common Files\Oracle\Java\javapath;C:\WINDOWS\system32;C:\WINDOWS;C:\WINDOWS\System32\Wbem;C:\WINDOWS\System32\WindowsPowerShell\v1.0\;C:\WINDOWS\System32\OpenSSH\;C:\Program Files\Git\cmd;C:\Users\Inna\AppData\Local\Microsoft\WindowsApps;C:\Program Files (x86)\IDM Computer Solutions\UltraEdit\;
USERNAME=Inna
OS=Windows_NT
PROCESSOR_IDENTIFIER=Intel64 Family 6 Model 142 Stepping 12, GenuineIntel



---------------  S Y S T E M  ---------------

OS: Windows 10.0 , 64 bit Build 19041 (10.0.19041.1023)

CPU:total 8 (initial active 8) (4 cores per cpu, 2 threads per core) family 6 model 142 stepping 12, cmov, cx8, fxsr, mmx, sse, sse2, sse3, ssse3, sse4.1, sse4.2, popcnt, avx, avx2, aes, clmul, erms, 3dnowpref, lzcnt, ht, tsc, tscinvbit, bmi1, bmi2, adx

Memory: 4k page, physical 8264948k(320460k free), swap 19381584k(96k free)

vm_info: OpenJDK 64-Bit Server VM (25.292-b10) for windows-amd64 JRE (1.8.0_292-b10), built on Apr 14 2021 23:06:53 by "Administrator" with MS VC++ 12.0 (VS2013)

time: Wed Jul 14 23:53:14 2021
timezone: FLE Daylight Time
elapsed time: 12939.133539 seconds (0d 3h 35m 39s)

