#
# There is insufficient memory for the Java Runtime Environment to continue.
# Native memory allocation (malloc) failed to allocate 350256 bytes for Chunk::new
# Possible reasons:
#   The system is out of physical RAM or swap space
#   The process is running with CompressedOops enabled, and the Java Heap may be blocking the growth of the native heap
# Possible solutions:
#   Reduce memory load on the system
#   Increase physical memory or swap space
#   Check if swap backing store is full
#   Decrease Java heap size (-Xmx/-Xms)
#   Decrease number of Java threads
#   Decrease Java thread stack sizes (-Xss)
#   Set larger code cache with -XX:ReservedCodeCacheSize=
#   JVM is running with Unscaled Compressed Oops mode in which the Java heap is
#     placed in the first 4GB address space. The Java Heap base address is the
#     maximum limit for the native heap growth. Please use -XX:HeapBaseMinAddress
#     to set the Java Heap base and to place the Java Heap above 4GB virtual address.
# This output file may be truncated or incomplete.
#
#  Out of Memory Error (allocation.cpp:389), pid=15376, tid=0x0000000000001134
#
# JRE version: OpenJDK Runtime Environment (8.0_292-b10) (build 1.8.0_292-b10)
# Java VM: OpenJDK 64-Bit Server VM (25.292-b10 mixed mode windows-amd64 compressed oops)
# Failed to write core dump. Minidumps are not enabled by default on client versions of Windows
#

---------------  T H R E A D  ---------------

Current thread (0x0000011b65b7e800):  JavaThread "C2 CompilerThread2" daemon [_thread_in_native, id=4404, stack(0x0000000101900000,0x0000000101a00000)]

Stack: [0x0000000101900000,0x0000000101a00000]
[error occurred during error reporting (printing stack bounds), id 0xc0000005]

Native frames: (J=compiled Java code, j=interpreted, Vv=VM code, C=native code)


Current CompileTask:
C2:12795465 3898       4       javax.management.ObjectName::construct (1228 bytes)


---------------  P R O C E S S  ---------------

Java Threads: ( => current thread )
  0x0000011b6fdf9000 JavaThread "Exec process Thread 4" [_thread_in_native, id=9408, stack(0x0000000103b00000,0x0000000103c00000)]
  0x0000011b6fdf7000 JavaThread "Exec process Thread 3" [_thread_in_native, id=3824, stack(0x0000000103a00000,0x0000000103b00000)]
  0x0000011b6fdef000 JavaThread "Exec process Thread 2" [_thread_blocked, id=8656, stack(0x0000000103900000,0x0000000103a00000)]
  0x0000011b6fdf6000 JavaThread "DisconnectableInputStream source reader" daemon [_thread_blocked, id=7032, stack(0x0000000103800000,0x0000000103900000)]
  0x0000011b6fdf5000 JavaThread "Exec process" [_thread_in_native, id=10388, stack(0x0000000103700000,0x0000000103800000)]
  0x0000011b6fdee000 JavaThread "Build operations Thread 3" [_thread_blocked, id=13864, stack(0x0000000103600000,0x0000000103700000)]
  0x0000011b6fded800 JavaThread "Build operations Thread 2" [_thread_blocked, id=9576, stack(0x0000000103500000,0x0000000103600000)]
  0x0000011b6fdf4800 JavaThread "Build operations" [_thread_blocked, id=11892, stack(0x0000000103400000,0x0000000103500000)]
  0x0000011b6fdf1800 JavaThread "Task worker for ':' Thread 7" [_thread_blocked, id=3608, stack(0x0000000103300000,0x0000000103400000)]
  0x0000011b6fdf0800 JavaThread "Cache worker for Build Output Cleanup Cache (D:\Inna\JAVA\Testove\QuickBase\interview-demos\backend\.gradle\buildOutputCleanup)" [_thread_blocked, id=5648, stack(0x0000000102c00000,0x0000000102d00000)]
  0x0000011b681a6000 JavaThread "Cache worker for task history cache (D:\Inna\JAVA\Testove\QuickBase\interview-demos\backend\.gradle\4.8.1\taskHistory)" [_thread_blocked, id=1840, stack(0x0000000102b00000,0x0000000102c00000)]
  0x0000011b681a5000 JavaThread "Cache worker for file content cache (D:\Inna\JAVA\Testove\QuickBase\interview-demos\backend\.gradle\4.8.1\fileContent)" [_thread_blocked, id=3588, stack(0x0000000102a00000,0x0000000102b00000)]
  0x0000011b681a9800 JavaThread "Memory manager" [_thread_blocked, id=15308, stack(0x0000000102900000,0x0000000102a00000)]
  0x0000011b681a3800 JavaThread "Cache worker for Artifact transforms cache (C:\Users\Inna\.gradle\caches\transforms-1)" [_thread_blocked, id=15436, stack(0x0000000102800000,0x0000000102900000)]
  0x0000011b681a7800 JavaThread "Cache worker for file hash cache (D:\Inna\JAVA\Testove\QuickBase\interview-demos\backend\.gradle\4.8.1\fileHashes)" [_thread_blocked, id=328, stack(0x0000000102700000,0x0000000102800000)]
  0x0000011b68e74000 JavaThread "File lock request listener" [_thread_in_native, id=1328, stack(0x0000000102600000,0x0000000102700000)]
  0x0000011b68c61000 JavaThread "Cache worker for file hash cache (C:\Users\Inna\.gradle\caches\4.8.1\fileHashes)" [_thread_blocked, id=12192, stack(0x0000000102500000,0x0000000102600000)]
  0x0000011b6898a800 JavaThread "Stdin handler" [_thread_blocked, id=9696, stack(0x0000000102400000,0x0000000102500000)]
  0x0000011b68984800 JavaThread "Asynchronous log dispatcher for DefaultDaemonConnection: socket connection from /127.0.0.1:65072 to /127.0.0.1:65073" [_thread_blocked, id=14624, stack(0x0000000102300000,0x0000000102400000)]
  0x0000011b6898e800 JavaThread "Daemon worker" [_thread_blocked, id=7752, stack(0x0000000102200000,0x0000000102300000)]
  0x0000011b68982800 JavaThread "Cancel handler" [_thread_blocked, id=4380, stack(0x0000000102100000,0x0000000102200000)]
  0x0000011b689fe800 JavaThread "Handler for socket connection from /127.0.0.1:65072 to /127.0.0.1:65073" [_thread_in_native, id=9732, stack(0x0000000102000000,0x0000000102100000)]
  0x0000011b689fc800 JavaThread "Daemon" [_thread_blocked, id=14244, stack(0x0000000101f00000,0x0000000102000000)]
  0x0000011b685d5000 JavaThread "Daemon periodic checks" [_thread_blocked, id=15344, stack(0x0000000101e00000,0x0000000101f00000)]
  0x0000011b674d3800 JavaThread "Incoming local TCP Connector on port 65072" [_thread_in_native, id=9492, stack(0x0000000101d00000,0x0000000101e00000)]
  0x0000011b66f4a800 JavaThread "Service Thread" daemon [_thread_blocked, id=15096, stack(0x0000000101b00000,0x0000000101c00000)]
  0x0000011b65b88800 JavaThread "C1 CompilerThread3" daemon [_thread_blocked, id=14152, stack(0x0000000101a00000,0x0000000101b00000)]
=>0x0000011b65b7e800 JavaThread "C2 CompilerThread2" daemon [_thread_in_native, id=4404, stack(0x0000000101900000,0x0000000101a00000)]
  0x0000011b65b74800 JavaThread "C2 CompilerThread1" daemon [_thread_blocked, id=696, stack(0x0000000101800000,0x0000000101900000)]
  0x0000011b65b79000 JavaThread "C2 CompilerThread0" daemon [_thread_blocked, id=14148, stack(0x0000000101700000,0x0000000101800000)]
  0x0000011b65b5e000 JavaThread "JDWP Command Reader" daemon [_thread_in_native, id=12412, stack(0x0000000101600000,0x0000000101700000)]
  0x0000011b65b5a800 JavaThread "JDWP Event Helper Thread" daemon [_thread_blocked, id=1460, stack(0x0000000101500000,0x0000000101600000)]
  0x0000011b65b41800 JavaThread "JDWP Transport Listener: dt_socket" daemon [_thread_blocked, id=11060, stack(0x0000000101400000,0x0000000101500000)]
  0x0000011b65b3c800 JavaThread "Attach Listener" daemon [_thread_blocked, id=6528, stack(0x0000000101300000,0x0000000101400000)]
  0x0000011b65b38000 JavaThread "Signal Dispatcher" daemon [_thread_blocked, id=7788, stack(0x0000000101200000,0x0000000101300000)]
  0x0000011b64f1c800 JavaThread "Finalizer" daemon [_thread_blocked, id=5560, stack(0x0000000101100000,0x0000000101200000)]
  0x0000011b65b0a000 JavaThread "Reference Handler" daemon [_thread_blocked, id=8, stack(0x0000000101000000,0x0000000101100000)]
  0x0000011b512c4000 JavaThread "main" [_thread_blocked, id=9948, stack(0x0000000100600000,0x0000000100700000)]

Other Threads:
  0x0000011b65ae2800 VMThread [stack: 0x0000000100f00000,0x0000000101000000] [id=7152]
  0x0000011b65b92000 WatcherThread [stack: 0x0000000101c00000,0x0000000101d00000] [id=936]

VM state:not at safepoint (normal execution)

VM Mutex/Monitor currently owned by a thread: None

heap address: 0x00000000c0000000, size: 1024 MB, Compressed Oops mode: 32-bit
Narrow klass base: 0x0000011b00000000, Narrow klass shift: 0
Compressed class space size: 1073741824 Address: 0x0000011b00000000

Heap:
 PSYoungGen      total 153600K, used 105075K [0x00000000eab00000, 0x00000000f8300000, 0x0000000100000000)
  eden space 140800K, 74% used [0x00000000eab00000,0x00000000f119cc20,0x00000000f3480000)
  from space 12800K, 0% used [0x00000000f4200000,0x00000000f4200000,0x00000000f4e80000)
  to   space 13824K, 0% used [0x00000000f3480000,0x00000000f3480000,0x00000000f4200000)
 ParOldGen       total 102912K, used 18066K [0x00000000c0000000, 0x00000000c6480000, 0x00000000eab00000)
  object space 102912K, 17% used [0x00000000c0000000,0x00000000c11a4978,0x00000000c6480000)
 Metaspace       used 40639K, capacity 41340K, committed 41640K, reserved 1085440K
  class space    used 5797K, capacity 6023K, committed 6064K, reserved 1048576K

Card table byte_map: [0x0000011b62090000,0x0000011b622a0000] byte_map_base: 0x0000011b61a90000

Marking Bits: (ParMarkBitMap*) 0x0000000067e1f7f0
 Begin Bits: [0x0000011b62400000, 0x0000011b63400000)
 End Bits:   [0x0000011b63400000, 0x0000011b64400000)

Polling page: 0x0000011b52c80000

CodeCache: size=245760Kb used=13047Kb max_used=13836Kb free=232712Kb
 bounds [0x0000011b52cd0000, 0x0000011b53a60000, 0x0000011b61cd0000]
 total_blobs=4123 nmethods=3407 adapters=635
 compilation: enabled

Compilation events (10 events):
Event: 12795.457 Thread 0x0000011b65b79000 3920       4       org.gradle.internal.logging.slf4j.OutputEventListenerBackedLogger::isDebugEnabled (8 bytes)
Event: 12795.459 Thread 0x0000011b65b79000 nmethod 3920 0x0000011b52ee5090 code [0x0000011b52ee51e0, 0x0000011b52ee5318]
Event: 12795.459 Thread 0x0000011b65b79000 3923       4       org.gradle.internal.logging.slf4j.OutputEventListenerBackedLogger::debug (18 bytes)
Event: 12795.461 Thread 0x0000011b65b74800 nmethod 3911 0x0000011b52ee6690 code [0x0000011b52ee6800, 0x0000011b52ee6a98]
Event: 12795.461 Thread 0x0000011b65b74800 3922       4       java.util.AbstractCollection::isEmpty (13 bytes)
Event: 12795.462 Thread 0x0000011b65b74800 nmethod 3922 0x0000011b52ee6d50 code [0x0000011b52ee6e80, 0x0000011b52ee6f18]
Event: 12795.462 Thread 0x0000011b65b74800 3924       4       java.util.concurrent.locks.ReentrantLock$Sync::isHeldExclusively (16 bytes)
Event: 12795.462 Thread 0x0000011b65b74800 nmethod 3924 0x0000011b52f07590 code [0x0000011b52f076c0, 0x0000011b52f07738]
Event: 12795.462 Thread 0x0000011b65b79000 nmethod 3923 0x0000011b52ee6110 code [0x0000011b52ee6260, 0x0000011b52ee63f8]
Event: 12795.462 Thread 0x0000011b65b88800 3916       3       org.gradle.workers.internal.WorkerDaemonExpiration$SimpleMemoryExpirationSelector::transform (122 bytes)

GC Heap History (10 events):
Event: 2.218 GC heap before
{Heap before GC invocations=6 (full 1):
 PSYoungGen      total 71680K, used 5110K [0x00000000eab00000, 0x00000000f4200000, 0x0000000100000000)
  eden space 66560K, 0% used [0x00000000eab00000,0x00000000eab00000,0x00000000eec00000)
  from space 5120K, 99% used [0x00000000eec00000,0x00000000ef0fd890,0x00000000ef100000)
  to   space 10752K, 0% used [0x00000000f3780000,0x00000000f3780000,0x00000000f4200000)
 ParOldGen       total 87552K, used 8615K [0x00000000c0000000, 0x00000000c5580000, 0x00000000eab00000)
  object space 87552K, 9% used [0x00000000c0000000,0x00000000c0869c20,0x00000000c5580000)
 Metaspace       used 20940K, capacity 21236K, committed 21296K, reserved 1067008K
  class space    used 2978K, capacity 3101K, committed 3120K, reserved 1048576K
Event: 2.258 GC heap after
Heap after GC invocations=6 (full 1):
 PSYoungGen      total 71680K, used 0K [0x00000000eab00000, 0x00000000f4200000, 0x0000000100000000)
  eden space 66560K, 0% used [0x00000000eab00000,0x00000000eab00000,0x00000000eec00000)
  from space 5120K, 0% used [0x00000000eec00000,0x00000000eec00000,0x00000000ef100000)
  to   space 10752K, 0% used [0x00000000f3780000,0x00000000f3780000,0x00000000f4200000)
 ParOldGen       total 64512K, used 8784K [0x00000000c0000000, 0x00000000c3f00000, 0x00000000eab00000)
  object space 64512K, 13% used [0x00000000c0000000,0x00000000c08942a8,0x00000000c3f00000)
 Metaspace       used 20940K, capacity 21236K, committed 21296K, reserved 1067008K
  class space    used 2978K, capacity 3101K, committed 3120K, reserved 1048576K
}
Event: 2.986 GC heap before
{Heap before GC invocations=7 (full 1):
 PSYoungGen      total 71680K, used 66560K [0x00000000eab00000, 0x00000000f4200000, 0x0000000100000000)
  eden space 66560K, 100% used [0x00000000eab00000,0x00000000eec00000,0x00000000eec00000)
  from space 5120K, 0% used [0x00000000eec00000,0x00000000eec00000,0x00000000ef100000)
  to   space 10752K, 0% used [0x00000000f3780000,0x00000000f3780000,0x00000000f4200000)
 ParOldGen       total 64512K, used 8784K [0x00000000c0000000, 0x00000000c3f00000, 0x00000000eab00000)
  object space 64512K, 13% used [0x00000000c0000000,0x00000000c08942a8,0x00000000c3f00000)
 Metaspace       used 26011K, capacity 26334K, committed 26672K, reserved 1073152K
  class space    used 3693K, capacity 3816K, committed 3888K, reserved 1048576K
Event: 2.993 GC heap after
Heap after GC invocations=7 (full 1):
 PSYoungGen      total 104448K, used 6149K [0x00000000eab00000, 0x00000000f3e00000, 0x0000000100000000)
  eden space 97792K, 0% used [0x00000000eab00000,0x00000000eab00000,0x00000000f0a80000)
  from space 6656K, 92% used [0x00000000f3780000,0x00000000f3d81600,0x00000000f3e00000)
  to   space 10240K, 0% used [0x00000000f2a00000,0x00000000f2a00000,0x00000000f3400000)
 ParOldGen       total 64512K, used 8792K [0x00000000c0000000, 0x00000000c3f00000, 0x00000000eab00000)
  object space 64512K, 13% used [0x00000000c0000000,0x00000000c08962a8,0x00000000c3f00000)
 Metaspace       used 26011K, capacity 26334K, committed 26672K, reserved 1073152K
  class space    used 3693K, capacity 3816K, committed 3888K, reserved 1048576K
}
Event: 4.053 GC heap before
{Heap before GC invocations=8 (full 1):
 PSYoungGen      total 104448K, used 103941K [0x00000000eab00000, 0x00000000f3e00000, 0x0000000100000000)
  eden space 97792K, 100% used [0x00000000eab00000,0x00000000f0a80000,0x00000000f0a80000)
  from space 6656K, 92% used [0x00000000f3780000,0x00000000f3d81600,0x00000000f3e00000)
  to   space 10240K, 0% used [0x00000000f2a00000,0x00000000f2a00000,0x00000000f3400000)
 ParOldGen       total 64512K, used 8792K [0x00000000c0000000, 0x00000000c3f00000, 0x00000000eab00000)
  object space 64512K, 13% used [0x00000000c0000000,0x00000000c08962a8,0x00000000c3f00000)
 Metaspace       used 31646K, capacity 32118K, committed 32176K, reserved 1077248K
  class space    used 4577K, capacity 4730K, committed 4784K, reserved 1048576K
Event: 4.065 GC heap after
Heap after GC invocations=8 (full 1):
 PSYoungGen      total 140288K, used 10219K [0x00000000eab00000, 0x00000000f4e80000, 0x0000000100000000)
  eden space 130048K, 0% used [0x00000000eab00000,0x00000000eab00000,0x00000000f2a00000)
  from space 10240K, 99% used [0x00000000f2a00000,0x00000000f33faf40,0x00000000f3400000)
  to   space 12800K, 0% used [0x00000000f4200000,0x00000000f4200000,0x00000000f4e80000)
 ParOldGen       total 64512K, used 10811K [0x00000000c0000000, 0x00000000c3f00000, 0x00000000eab00000)
  object space 64512K, 16% used [0x00000000c0000000,0x00000000c0a8eca8,0x00000000c3f00000)
 Metaspace       used 31646K, capacity 32118K, committed 32176K, reserved 1077248K
  class space    used 4577K, capacity 4730K, committed 4784K, reserved 1048576K
}
Event: 4.528 GC heap before
{Heap before GC invocations=9 (full 1):
 PSYoungGen      total 140288K, used 46222K [0x00000000eab00000, 0x00000000f4e80000, 0x0000000100000000)
  eden space 130048K, 27% used [0x00000000eab00000,0x00000000ece28b48,0x00000000f2a00000)
  from space 10240K, 99% used [0x00000000f2a00000,0x00000000f33faf40,0x00000000f3400000)
  to   space 12800K, 0% used [0x00000000f4200000,0x00000000f4200000,0x00000000f4e80000)
 ParOldGen       total 64512K, used 10811K [0x00000000c0000000, 0x00000000c3f00000, 0x00000000eab00000)
  object space 64512K, 16% used [0x00000000c0000000,0x00000000c0a8eca8,0x00000000c3f00000)
 Metaspace       used 34783K, capacity 35382K, committed 35496K, reserved 1079296K
  class space    used 5053K, capacity 5263K, committed 5296K, reserved 1048576K
Event: 4.540 GC heap after
Heap after GC invocations=9 (full 1):
 PSYoungGen      total 153600K, used 11697K [0x00000000eab00000, 0x00000000f8300000, 0x0000000100000000)
  eden space 140800K, 0% used [0x00000000eab00000,0x00000000eab00000,0x00000000f3480000)
  from space 12800K, 91% used [0x00000000f4200000,0x00000000f4d6c7a0,0x00000000f4e80000)
  to   space 13824K, 0% used [0x00000000f3480000,0x00000000f3480000,0x00000000f4200000)
 ParOldGen       total 64512K, used 10819K [0x00000000c0000000, 0x00000000c3f00000, 0x00000000eab00000)
  object space 64512K, 16% used [0x00000000c0000000,0x00000000c0a90ca8,0x00000000c3f00000)
 Metaspace       used 34783K, capacity 35382K, committed 35496K, reserved 1079296K
  class space    used 5053K, capacity 5263K, committed 5296K, reserved 1048576K
}
Event: 4.540 GC heap before
{Heap before GC invocations=10 (full 2):
 PSYoungGen      total 153600K, used 11697K [0x00000000eab00000, 0x00000000f8300000, 0x0000000100000000)
  eden space 140800K, 0% used [0x00000000eab00000,0x00000000eab00000,0x00000000f3480000)
  from space 12800K, 91% used [0x00000000f4200000,0x00000000f4d6c7a0,0x00000000f4e80000)
  to   space 13824K, 0% used [0x00000000f3480000,0x00000000f3480000,0x00000000f4200000)
 ParOldGen       total 64512K, used 10819K [0x00000000c0000000, 0x00000000c3f00000, 0x00000000eab00000)
  object space 64512K, 16% used [0x00000000c0000000,0x00000000c0a90ca8,0x00000000c3f00000)
 Metaspace       used 34783K, capacity 35382K, committed 35496K, reserved 1079296K
  class space    used 5053K, capacity 5263K, committed 5296K, reserved 1048576K
Event: 4.609 GC heap after
Heap after GC invocations=10 (full 2):
 PSYoungGen      total 153600K, used 0K [0x00000000eab00000, 0x00000000f8300000, 0x0000000100000000)
  eden space 140800K, 0% used [0x00000000eab00000,0x00000000eab00000,0x00000000f3480000)
  from space 12800K, 0% used [0x00000000f4200000,0x00000000f4200000,0x00000000f4e80000)
  to   space 13824K, 0% used [0x00000000f3480000,0x00000000f3480000,0x00000000f4200000)
 ParOldGen       total 102912K, used 18066K [0x00000000c0000000, 0x00000000c6480000, 0x00000000eab00000)
  object space 102912K, 17% used [0x00000000c0000000,0x00000000c11a4978,0x00000000c6480000)
 Metaspace       used 34783K, capacity 35382K, committed 35496K, reserved 1079296K
  class space    used 5053K, capacity 5263K, committed 5296K, reserved 1048576K
}

Deoptimization events (10 events):
Event: 4.430 Thread 0x0000011b6fdf1800 Uncommon trap: reason=unstable_if action=reinterpret pc=0x0000011b535f5e30 method=java.util.jar.Manifest.getTrustedAttributes(Ljava/lang/String;)Ljava/util/jar/Attributes; @ 7
Event: 4.453 Thread 0x0000011b6fdf1800 Uncommon trap: reason=unstable_if action=reinterpret pc=0x0000011b530a11d4 method=java.lang.String.regionMatches(ZILjava/lang/String;II)Z @ 123
Event: 4.480 Thread 0x0000011b6fdf1800 Uncommon trap: reason=unstable_if action=reinterpret pc=0x0000011b52f21730 method=java.net.URI.match(CJJ)Z @ 45
Event: 4.480 Thread 0x0000011b6fdf1800 Uncommon trap: reason=unstable_if action=reinterpret pc=0x0000011b52e34b98 method=java.net.URI.match(CJJ)Z @ 19
Event: 5.088 Thread 0x0000011b6fdf1800 Uncommon trap: reason=unstable_if action=reinterpret pc=0x0000011b5391aa9c method=com.sun.tools.javac.util.Name$Table.equals([BI[BII)Z @ 22
Event: 5.235 Thread 0x0000011b6fdf1800 Uncommon trap: reason=unstable_if action=reinterpret pc=0x0000011b53840904 method=java.lang.ClassLoader.checkCerts(Ljava/lang/String;Ljava/security/CodeSource;)V @ 29
Event: 5.238 Thread 0x0000011b6fdf1800 Uncommon trap: reason=bimorphic action=maybe_recompile pc=0x0000011b532f9744 method=java.lang.ClassLoader.getPackage(Ljava/lang/String;)Ljava/lang/Package; @ 47
Event: 5.238 Thread 0x0000011b6fdf1800 Uncommon trap: reason=bimorphic action=maybe_recompile pc=0x0000011b532f9744 method=java.lang.ClassLoader.getPackage(Ljava/lang/String;)Ljava/lang/Package; @ 47
Event: 5.238 Thread 0x0000011b6fdf1800 Uncommon trap: reason=bimorphic action=maybe_recompile pc=0x0000011b532f9744 method=java.lang.ClassLoader.getPackage(Ljava/lang/String;)Ljava/lang/Package; @ 47
Event: 5.238 Thread 0x0000011b6fdf1800 Uncommon trap: reason=bimorphic action=maybe_recompile pc=0x0000011b532f9744 method=java.lang.ClassLoader.getPackage(Ljava/lang/String;)Ljava/lang/Package; @ 47

Classes redefined (0 events):
No events

Internal exceptions (10 events):
Event: 5.227 Thread 0x0000011b6fdf1800 Exception <a 'java/lang/ClassNotFoundException': org/gradle/api/internal/file/UnionFileCollectionCustomizer> (0x00000000ed6fe060) thrown at [C:\wsjdk\Corretto8Src\installers\windows\zip\corretto-build\buildRoot\src\hotspot\src\share\vm\classfile\systemDic
Event: 5.234 Thread 0x0000011b6fdf1800 Exception <a 'java/lang/ClassNotFoundException': java/io/FileBeanInfo> (0x00000000ed74cec0) thrown at [C:\wsjdk\Corretto8Src\installers\windows\zip\corretto-build\buildRoot\src\hotspot\src\share\vm\classfile\systemDictionary.cpp, line 217]
Event: 5.234 Thread 0x0000011b6fdf1800 Exception <a 'java/lang/ClassNotFoundException': java/io/FileCustomizer> (0x00000000ed753078) thrown at [C:\wsjdk\Corretto8Src\installers\windows\zip\corretto-build\buildRoot\src\hotspot\src\share\vm\classfile\systemDictionary.cpp, line 217]
Event: 5.235 Thread 0x0000011b6fdf1800 Implicit null exception at 0x0000011b5383d1d8 to 0x0000011b538408cd
Event: 5.240 Thread 0x0000011b6fdf1800 Exception <a 'java/lang/ClassNotFoundException': com/intellij/openapi/externalSystem/rt/execution/ForkedDebuggerHelperBeanInfo> (0x00000000ed7c1a08) thrown at [C:\wsjdk\Corretto8Src\installers\windows\zip\corretto-build\buildRoot\src\hotspot\src\share\vm\
Event: 5.240 Thread 0x0000011b6fdf1800 Exception <a 'java/lang/ClassNotFoundException': com/intellij/openapi/externalSystem/rt/execution/ForkedDebuggerHelperCustomizer> (0x00000000ed7c7f98) thrown at [C:\wsjdk\Corretto8Src\installers\windows\zip\corretto-build\buildRoot\src\hotspot\src\share\v
Event: 5.316 Thread 0x0000011b6fdf1800 Exception <a 'java/lang/ClassNotFoundException': java/util/ArrayListBeanInfo> (0x00000000ed826b28) thrown at [C:\wsjdk\Corretto8Src\installers\windows\zip\corretto-build\buildRoot\src\hotspot\src\share\vm\classfile\systemDictionary.cpp, line 217]
Event: 5.316 Thread 0x0000011b6fdf1800 Exception <a 'java/lang/ClassNotFoundException': java/util/AbstractListBeanInfo> (0x00000000ed82afb0) thrown at [C:\wsjdk\Corretto8Src\installers\windows\zip\corretto-build\buildRoot\src\hotspot\src\share\vm\classfile\systemDictionary.cpp, line 217]
Event: 5.317 Thread 0x0000011b6fdf1800 Exception <a 'java/lang/ClassNotFoundException': java/util/AbstractListCustomizer> (0x00000000ed82f478) thrown at [C:\wsjdk\Corretto8Src\installers\windows\zip\corretto-build\buildRoot\src\hotspot\src\share\vm\classfile\systemDictionary.cpp, line 217]
Event: 5.318 Thread 0x0000011b6fdf1800 Exception <a 'java/lang/ClassNotFoundException': java/util/ArrayListCustomizer> (0x00000000ed8420c8) thrown at [C:\wsjdk\Corretto8Src\installers\windows\zip\corretto-build\buildRoot\src\hotspot\src\share\vm\classfile\systemDictionary.cpp, line 217]

Events (10 events):
Event: 1761.201 loading class org/gradle/launcher/daemon/registry/DaemonInfo$1
Event: 1761.201 loading class org/gradle/launcher/daemon/registry/DaemonInfo$1 done
Event: 1761.202 Thread 0x0000011b685d5000 DEOPT PACKING pc=0x0000011b5358f650 sp=0x0000000101efc370
Event: 1761.203 Thread 0x0000011b685d5000 DEOPT UNPACKING pc=0x0000011b52d175d8 sp=0x0000000101efc0b0 mode 1
Event: 1761.203 Thread 0x0000011b685d5000 DEOPT PACKING pc=0x0000011b5358f550 sp=0x0000000101efc420
Event: 1761.203 Thread 0x0000011b685d5000 DEOPT UNPACKING pc=0x0000011b52d175d8 sp=0x0000000101efc160 mode 1
Event: 1761.203 Thread 0x0000011b685d5000 DEOPT PACKING pc=0x0000011b5358f550 sp=0x0000000101efc4d0
Event: 1761.203 Thread 0x0000011b685d5000 DEOPT UNPACKING pc=0x0000011b52d175d8 sp=0x0000000101efc210 mode 1
Event: 1828.482 Thread 0x0000011b68984800 DEOPT PACKING pc=0x0000011b53568847 sp=0x00000001023ff100
Event: 1828.482 Thread 0x0000011b68984800 DEOPT UNPACKING pc=0x0000011b52d175d8 sp=0x00000001023feec8 mode 0


Dynamic libraries:
0x00007ff62cb70000 - 0x00007ff62cbaa000 	C:\Users\Inna\.jdks\corretto-1.8.0_292\bin\java.exe
0x00007fff5d370000 - 0x00007fff5d565000 	C:\WINDOWS\SYSTEM32\ntdll.dll
0x00007fff5ca00000 - 0x00007fff5cabd000 	C:\WINDOWS\System32\KERNEL32.DLL
0x00007fff5ac80000 - 0x00007fff5af48000 	C:\WINDOWS\System32\KERNELBASE.dll
0x00007fff5d0c0000 - 0x00007fff5d16c000 	C:\WINDOWS\System32\ADVAPI32.dll
0x00007fff5bcd0000 - 0x00007fff5bd6e000 	C:\WINDOWS\System32\msvcrt.dll
0x00007fff5bc30000 - 0x00007fff5bccb000 	C:\WINDOWS\System32\sechost.dll
0x00007fff5b690000 - 0x00007fff5b7bb000 	C:\WINDOWS\System32\RPCRT4.dll
0x00007fff5cda0000 - 0x00007fff5cf40000 	C:\WINDOWS\System32\USER32.dll
0x00007fff5ac50000 - 0x00007fff5ac72000 	C:\WINDOWS\System32\win32u.dll
0x00007fff5b3e0000 - 0x00007fff5b40a000 	C:\WINDOWS\System32\GDI32.dll
0x00007fff5b0f0000 - 0x00007fff5b1fb000 	C:\WINDOWS\System32\gdi32full.dll
0x00007fff5af50000 - 0x00007fff5afed000 	C:\WINDOWS\System32\msvcp_win.dll
0x00007fff5aff0000 - 0x00007fff5b0f0000 	C:\WINDOWS\System32\ucrtbase.dll
0x00007fff488d0000 - 0x00007fff48b6a000 	C:\WINDOWS\WinSxS\amd64_microsoft.windows.common-controls_6595b64144ccf1df_6.0.19041.1052_none_60b8f8fd71f5e8cb\COMCTL32.dll
0x00007fff5d020000 - 0x00007fff5d050000 	C:\WINDOWS\System32\IMM32.DLL
0x00007fff2dd40000 - 0x00007fff2de2f000 	C:\Users\Inna\.jdks\corretto-1.8.0_292\jre\bin\msvcr120.dll
0x00007fff2cda0000 - 0x00007fff2ce46000 	C:\Users\Inna\.jdks\corretto-1.8.0_292\jre\bin\msvcp120.dll
0x0000000067630000 - 0x0000000067e9e000 	C:\Users\Inna\.jdks\corretto-1.8.0_292\jre\bin\server\jvm.dll
0x00007fff5b470000 - 0x00007fff5b478000 	C:\WINDOWS\System32\PSAPI.DLL
0x00007fff36e40000 - 0x00007fff36e49000 	C:\WINDOWS\SYSTEM32\WSOCK32.dll
0x00007fff55fc0000 - 0x00007fff55fe7000 	C:\WINDOWS\SYSTEM32\WINMM.dll
0x00007fff5bd70000 - 0x00007fff5bddb000 	C:\WINDOWS\System32\WS2_32.dll
0x00007fff52bf0000 - 0x00007fff52bfa000 	C:\WINDOWS\SYSTEM32\VERSION.dll
0x00007fff53fe0000 - 0x00007fff53fef000 	C:\Users\Inna\.jdks\corretto-1.8.0_292\jre\bin\verify.dll
0x00007fff390f0000 - 0x00007fff39119000 	C:\Users\Inna\.jdks\corretto-1.8.0_292\jre\bin\java.dll
0x00007fff46aa0000 - 0x00007fff46ad5000 	C:\Users\Inna\.jdks\corretto-1.8.0_292\jre\bin\jdwp.dll
0x00007fff4ba70000 - 0x00007fff4ba78000 	C:\Users\Inna\.jdks\corretto-1.8.0_292\jre\bin\npt.dll
0x00007fff46a60000 - 0x00007fff46a76000 	C:\Users\Inna\.jdks\corretto-1.8.0_292\jre\bin\zip.dll
0x00007fff5c2b0000 - 0x00007fff5c9ef000 	C:\WINDOWS\System32\SHELL32.dll
0x00007fff58be0000 - 0x00007fff59370000 	C:\WINDOWS\SYSTEM32\windows.storage.dll
0x00007fff5bf50000 - 0x00007fff5c2a5000 	C:\WINDOWS\System32\combase.dll
0x00007fff5a520000 - 0x00007fff5a54c000 	C:\WINDOWS\SYSTEM32\Wldp.dll
0x00007fff5be40000 - 0x00007fff5beee000 	C:\WINDOWS\System32\SHCORE.dll
0x00007fff5d050000 - 0x00007fff5d0a5000 	C:\WINDOWS\System32\shlwapi.dll
0x00007fff5a9f0000 - 0x00007fff5aa0f000 	C:\WINDOWS\SYSTEM32\profapi.dll
0x00007fff47160000 - 0x00007fff47169000 	C:\Users\Inna\.jdks\corretto-1.8.0_292\jre\bin\dt_socket.dll
0x00007fff5a290000 - 0x00007fff5a2fa000 	C:\WINDOWS\system32\mswsock.dll
0x00007fff46990000 - 0x00007fff469aa000 	C:\Users\Inna\.jdks\corretto-1.8.0_292\jre\bin\net.dll
0x00007fff465e0000 - 0x00007fff465f2000 	C:\Users\Inna\.jdks\corretto-1.8.0_292\jre\bin\nio.dll
0x00007fff46160000 - 0x00007fff4617e000 	C:\Users\Inna\.gradle\native\25\windows-amd64\native-platform.dll
0x00007fff53230000 - 0x00007fff5323d000 	C:\Users\Inna\.jdks\corretto-1.8.0_292\jre\bin\management.dll
0x00007fff5a470000 - 0x00007fff5a488000 	C:\WINDOWS\SYSTEM32\CRYPTSP.dll
0x00007fff59bc0000 - 0x00007fff59bf4000 	C:\WINDOWS\system32\rsaenh.dll
0x00007fff5b3b0000 - 0x00007fff5b3d7000 	C:\WINDOWS\System32\bcrypt.dll
0x00007fff5a9b0000 - 0x00007fff5a9de000 	C:\WINDOWS\SYSTEM32\USERENV.dll
0x00007fff5abc0000 - 0x00007fff5ac43000 	C:\WINDOWS\System32\bcryptprimitives.dll
0x00007fff5a460000 - 0x00007fff5a46c000 	C:\WINDOWS\SYSTEM32\CRYPTBASE.dll
0x00007fff59f30000 - 0x00007fff59f6b000 	C:\WINDOWS\SYSTEM32\IPHLPAPI.DLL
0x00007fff5c9f0000 - 0x00007fff5c9f8000 	C:\WINDOWS\System32\NSI.dll
0x00007fff4b9b0000 - 0x00007fff4b9c7000 	C:\WINDOWS\SYSTEM32\dhcpcsvc6.DLL
0x00007fff4ed70000 - 0x00007fff4ed8d000 	C:\WINDOWS\SYSTEM32\dhcpcsvc.DLL
0x00007fff59f70000 - 0x00007fff5a03c000 	C:\WINDOWS\SYSTEM32\DNSAPI.dll

VM Arguments:
jvm_args: -XX:+HeapDumpOnOutOfMemoryError -agentlib:jdwp=transport=dt_socket,server=n,suspend=y,address=65067 -Xmx1024m -Dfile.encoding=windows-1252 -Duser.country=US -Duser.language=en -Duser.variant 
java_command: org.gradle.launcher.daemon.bootstrap.GradleDaemon 4.8.1
java_class_path (initial): C:\Users\Inna\.gradle\wrapper\dists\gradle-4.8.1-bin\e8p42vx1m7a3mz9ydmjagn6wn\gradle-4.8.1\lib\gradle-launcher-4.8.1.jar
Launcher Type: SUN_STANDARD

Environment Variables:
PATH=C:\Program Files\Common Files\Oracle\Java\javapath;C:\WINDOWS\system32;C:\WINDOWS;C:\WINDOWS\System32\Wbem;C:\WINDOWS\System32\WindowsPowerShell\v1.0\;C:\WINDOWS\System32\OpenSSH\;C:\Program Files\Git\cmd;C:\Users\Inna\AppData\Local\Microsoft\WindowsApps;C:\Program Files (x86)\IDM Computer Solutions\UltraEdit\;
USERNAME=Inna
OS=Windows_NT
PROCESSOR_IDENTIFIER=Intel64 Family 6 Model 142 Stepping 12, GenuineIntel



---------------  S Y S T E M  ---------------

OS: Windows 10.0 , 64 bit Build 19041 (10.0.19041.1023)

CPU:total 8 (initial active 8) (4 cores per cpu, 2 threads per core) family 6 model 142 stepping 12, cmov, cx8, fxsr, mmx, sse, sse2, sse3, ssse3, sse4.1, sse4.2, popcnt, avx, avx2, aes, clmul, erms, 3dnowpref, lzcnt, ht, tsc, tscinvbit, bmi1, bmi2, adx

Memory: 4k page, physical 8264948k(322480k free), swap 19381584k(4k free)

vm_info: OpenJDK 64-Bit Server VM (25.292-b10) for windows-amd64 JRE (1.8.0_292-b10), built on Apr 14 2021 23:06:53 by "Administrator" with MS VC++ 12.0 (VS2013)

time: Wed Jul 14 23:53:14 2021
timezone: FLE Daylight Time
elapsed time: 12795.474816 seconds (0d 3h 33m 15s)

